2023-08-20 23:20:40.875 [info] Reading sessions from keychain...
2023-08-20 23:20:40.875 [info] Getting sessions for all scopes...
2023-08-20 23:20:40.875 [info] Getting sessions for user:email...
2023-08-20 23:20:40.875 [info] Got 0 sessions for ...
2023-08-20 23:20:40.875 [info] Got 0 sessions for user:email...
2023-08-20 23:20:40.875 [info] Getting sessions for all scopes...
2023-08-20 23:20:40.875 [info] Got 0 sessions for ...
2023-08-20 23:20:41.082 [info] Getting sessions for read:user,repo,user:email,workflow...
2023-08-20 23:20:41.082 [info] Got 0 sessions for read:user,repo,user:email,workflow...
2023-08-20 23:20:41.101 [info] Getting sessions for all scopes...
2023-08-20 23:20:41.101 [info] Got 0 sessions for ...
2023-08-20 23:20:41.102 [info] Getting sessions for read:user,repo,user:email...
2023-08-20 23:20:41.103 [info] Got 0 sessions for read:user,repo,user:email...
2023-08-20 23:20:41.688 [info] Getting sessions for read:user,repo,user:email,workflow...
2023-08-20 23:20:41.688 [info] Got 0 sessions for read:user,repo,user:email,workflow...
2023-08-20 23:20:47.042 [info] Getting sessions for read:user,repo,user:email,workflow...
2023-08-20 23:20:47.042 [info] Got 0 sessions for read:user,repo,user:email,workflow...
2023-08-20 23:21:12.314 [info] Getting sessions for read:user,repo,user:email,workflow...
2023-08-20 23:21:12.314 [info] Got 0 sessions for read:user,repo,user:email,workflow...
2023-08-20 23:21:14.736 [info] Logging in for the following scopes: read:user repo user:email workflow
2023-08-20 23:21:14.808 [info] Trying without local server... (read:user repo user:email workflow)
2023-08-20 23:21:26.155 [info] Exchanging code for token...
2023-08-20 23:21:26.641 [info] Token exchange success!
2023-08-20 23:21:26.643 [info] Getting user info...
2023-08-20 23:21:27.038 [info] Got account info!
2023-08-20 23:21:27.038 [info] Storing 1 sessions...
2023-08-20 23:21:30.049 [info] Reading sessions from keychain...
2023-08-20 23:21:30.050 [info] Stored 1 sessions!
2023-08-20 23:21:30.051 [info] Login success!
2023-08-20 23:21:30.159 [info] Getting sessions for user:email...
2023-08-20 23:21:30.237 [info] Got stored sessions!
2023-08-20 23:21:30.237 [info] Got 1 verified sessions.
2023-08-20 23:21:30.238 [info] Got 0 sessions for user:email...
2023-08-20 23:21:30.421 [info] Getting sessions for read:user,repo,user:email,workflow...
2023-08-20 23:21:30.421 [info] Got 1 sessions for read:user,repo,user:email,workflow...
2023-08-20 23:21:30.423 [info] Getting sessions for read:user,repo,user:email,workflow...
2023-08-20 23:21:30.423 [info] Got 1 sessions for read:user,repo,user:email,workflow...
2023-08-20 23:21:30.992 [info] Getting sessions for read:user,repo,user:email,workflow...
2023-08-20 23:21:30.992 [info] Got 1 sessions for read:user,repo,user:email,workflow...
2023-08-20 23:29:26.133 [info] Getting sessions for read:user,repo,user:email,workflow...
2023-08-20 23:29:26.134 [info] Got 1 sessions for read:user,repo,user:email,workflow...
2023-08-20 23:39:06.214 [info] Getting sessions for read:user,repo,user:email,workflow...
2023-08-20 23:39:06.215 [info] Got 1 sessions for read:user,repo,user:email,workflow...
2023-08-20 23:49:36.578 [info] Getting sessions for read:user,repo,user:email,workflow...
2023-08-20 23:49:36.578 [info] Got 1 sessions for read:user,repo,user:email,workflow...
