2023-08-20 23:16:15.110 [info] Extension host with pid 1693548 started
2023-08-20 23:16:15.817 [info] ExtensionService#_doActivateExtension vscode.git-base, startup: true, activationEvent: '*', root cause: vscode.git
2023-08-20 23:16:15.828 [info] ExtensionService#_doActivateExtension fernandoescolar.vscode-solution-explorer, startup: true, activationEvent: '*'
2023-08-20 23:16:15.946 [info] ExtensionService#_doActivateExtension nicollasr.vscode-streamdeck, startup: true, activationEvent: '*'
2023-08-20 23:16:16.073 [info] ExtensionService#_doActivateExtension vscode.github-authentication, startup: false, activationEvent: 'onAuthenticationRequest:github'
2023-08-20 23:16:16.342 [info] ExtensionService#_doActivateExtension vscode.git, startup: true, activationEvent: '*'
2023-08-20 23:16:16.379 [info] ExtensionService#_doActivateExtension vscode.github, startup: true, activationEvent: '*'
2023-08-20 23:16:16.464 [info] ExtensionService#_doActivateExtension vscode.microsoft-authentication, startup: false, activationEvent: 'onAuthenticationRequest:microsoft'
2023-08-20 23:16:16.506 [info] Eager extensions activated
2023-08-20 23:16:16.537 [info] ExtensionService#_doActivateExtension vscode.debug-auto-launch, startup: false, activationEvent: 'onStartupFinished'
2023-08-20 23:16:16.541 [info] ExtensionService#_doActivateExtension vscode.merge-conflict, startup: false, activationEvent: 'onStartupFinished'
2023-08-20 23:16:16.558 [info] ExtensionService#_doActivateExtension bradlc.vscode-tailwindcss, startup: false, activationEvent: 'onStartupFinished'
2023-08-20 23:16:16.588 [info] ExtensionService#_doActivateExtension darkriszty.markdown-table-prettify, startup: false, activationEvent: 'onStartupFinished'
2023-08-20 23:16:16.636 [info] ExtensionService#_doActivateExtension Equinusocio.vsc-material-theme, startup: false, activationEvent: 'onStartupFinished'
2023-08-20 23:16:16.649 [info] ExtensionService#_doActivateExtension equinusocio.vsc-material-theme-icons, startup: false, activationEvent: 'onStartupFinished'
2023-08-20 23:16:16.708 [info] ExtensionService#_doActivateExtension GitHub.vscode-pull-request-github, startup: false, activationEvent: 'onStartupFinished'
2023-08-20 23:16:16.752 [info] ExtensionService#_doActivateExtension Gruntfuggly.todo-tree, startup: false, activationEvent: 'onStartupFinished'
2023-08-20 23:16:16.796 [info] ExtensionService#_doActivateExtension ms-vscode-remote.remote-containers, startup: false, activationEvent: 'onStartupFinished'
2023-08-20 23:16:16.848 [info] ExtensionService#_doActivateExtension ms-vscode-remote.remote-wsl, startup: false, activationEvent: 'onStartupFinished'
2023-08-20 23:16:16.865 [info] ExtensionService#_doActivateExtension ms-vscode.remote-server, startup: false, activationEvent: 'onStartupFinished'
2023-08-20 23:16:16.903 [info] ExtensionService#_doActivateExtension PKief.material-icon-theme, startup: false, activationEvent: 'onStartupFinished'
2023-08-20 23:16:16.915 [info] ExtensionService#_doActivateExtension sainnhe.gruvbox-material, startup: false, activationEvent: 'onStartupFinished'
2023-08-20 23:16:17.951 [info] ExtensionService#_doActivateExtension ms-vsliveshare.vsliveshare, startup: false, activationEvent: 'api', root cause: GitHub.vscode-pull-request-github
2023-08-20 23:18:15.047 [info] Extension host terminating: renderer closed the MessagePort
2023-08-20 23:18:15.069 [error] An error occurred when deactivating the subscriptions for extension 'fernandoescolar.vscode-solution-explorer':
2023-08-20 23:18:15.070 [error] RangeError: Maximum call stack size exceeded
	at a.dispose (/opt/visual-studio-code/resources/app/out/vs/workbench/api/node/extensionHostProcess.js:98:3439)
	at a.<anonymous> (/home/eirik/.vscode/extensions/fernandoescolar.vscode-solution-explorer-0.8.4/out/extension.js:2:107959)
	at a.dispose (/opt/visual-studio-code/resources/app/out/vs/workbench/api/node/extensionHostProcess.js:98:3478)
	at a.<anonymous> (/home/eirik/.vscode/extensions/fernandoescolar.vscode-solution-explorer-0.8.4/out/extension.js:2:107959)
	at a.dispose (/opt/visual-studio-code/resources/app/out/vs/workbench/api/node/extensionHostProcess.js:98:3478)
	at a.<anonymous> (/home/eirik/.vscode/extensions/fernandoescolar.vscode-solution-explorer-0.8.4/out/extension.js:2:107959)
	at a.dispose (/opt/visual-studio-code/resources/app/out/vs/workbench/api/node/extensionHostProcess.js:98:3478)
	at a.<anonymous> (/home/eirik/.vscode/extensions/fernandoescolar.vscode-solution-explorer-0.8.4/out/extension.js:2:107959)
	at a.dispose (/opt/visual-studio-code/resources/app/out/vs/workbench/api/node/extensionHostProcess.js:98:3478)
	at a.<anonymous> (/home/eirik/.vscode/extensions/fernandoescolar.vscode-solution-explorer-0.8.4/out/extension.js:2:107959)
	at a.dispose (/opt/visual-studio-code/resources/app/out/vs/workbench/api/node/extensionHostProcess.js:98:3478)
	at a.<anonymous> (/home/eirik/.vscode/extensions/fernandoescolar.vscode-solution-explorer-0.8.4/out/extension.js:2:107959)
	at a.dispose (/opt/visual-studio-code/resources/app/out/vs/workbench/api/node/extensionHostProcess.js:98:3478)
	at a.<anonymous> (/home/eirik/.vscode/extensions/fernandoescolar.vscode-solution-explorer-0.8.4/out/extension.js:2:107959)
	at a.dispose (/opt/visual-studio-code/resources/app/out/vs/workbench/api/node/extensionHostProcess.js:98:3478)
	at a.<anonymous> (/home/eirik/.vscode/extensions/fernandoescolar.vscode-solution-explorer-0.8.4/out/extension.js:2:107959)
	at a.dispose (/opt/visual-studio-code/resources/app/out/vs/workbench/api/node/extensionHostProcess.js:98:3478)
	at a.<anonymous> (/home/eirik/.vscode/extensions/fernandoescolar.vscode-solution-explorer-0.8.4/out/extension.js:2:107959)
	at a.dispose (/opt/visual-studio-code/resources/app/out/vs/workbench/api/node/extensionHostProcess.js:98:3478)
	at a.<anonymous> (/home/eirik/.vscode/extensions/fernandoescolar.vscode-solution-explorer-0.8.4/out/extension.js:2:107959)
	at a.dispose (/opt/visual-studio-code/resources/app/out/vs/workbench/api/node/extensionHostProcess.js:98:3478)
	at a.<anonymous> (/home/eirik/.vscode/extensions/fernandoescolar.vscode-solution-explorer-0.8.4/out/extension.js:2:107959)
	at a.dispose (/opt/visual-studio-code/resources/app/out/vs/workbench/api/node/extensionHostProcess.js:98:3478)
	at a.<anonymous> (/home/eirik/.vscode/extensions/fernandoescolar.vscode-solution-explorer-0.8.4/out/extension.js:2:107959)
	at a.dispose (/opt/visual-studio-code/resources/app/out/vs/workbench/api/node/extensionHostProcess.js:98:3478)
	at a.<anonymous> (/home/eirik/.vscode/extensions/fernandoescolar.vscode-solution-explorer-0.8.4/out/extension.js:2:107959)
	at a.dispose (/opt/visual-studio-code/resources/app/out/vs/workbench/api/node/extensionHostProcess.js:98:3478)
	at a.<anonymous> (/home/eirik/.vscode/extensions/fernandoescolar.vscode-solution-explorer-0.8.4/out/extension.js:2:107959)
	at a.dispose (/opt/visual-studio-code/resources/app/out/vs/workbench/api/node/extensionHostProcess.js:98:3478)
	at a.<anonymous> (/home/eirik/.vscode/extensions/fernandoescolar.vscode-solution-explorer-0.8.4/out/extension.js:2:107959)
	at a.dispose (/opt/visual-studio-code/resources/app/out/vs/workbench/api/node/extensionHostProcess.js:98:3478)
	at a.<anonymous> (/home/eirik/.vscode/extensions/fernandoescolar.vscode-solution-explorer-0.8.4/out/extension.js:2:107959)
	at a.dispose (/opt/visual-studio-code/resources/app/out/vs/workbench/api/node/extensionHostProcess.js:98:3478)
	at a.<anonymous> (/home/eirik/.vscode/extensions/fernandoescolar.vscode-solution-explorer-0.8.4/out/extension.js:2:107959)
	at a.dispose (/opt/visual-studio-code/resources/app/out/vs/workbench/api/node/extensionHostProcess.js:98:3478)
	at a.<anonymous> (/home/eirik/.vscode/extensions/fernandoescolar.vscode-solution-explorer-0.8.4/out/extension.js:2:107959)
	at a.dispose (/opt/visual-studio-code/resources/app/out/vs/workbench/api/node/extensionHostProcess.js:98:3478)
	at a.<anonymous> (/home/eirik/.vscode/extensions/fernandoescolar.vscode-solution-explorer-0.8.4/out/extension.js:2:107959)
	at a.dispose (/opt/visual-studio-code/resources/app/out/vs/workbench/api/node/extensionHostProcess.js:98:3478)
	at a.<anonymous> (/home/eirik/.vscode/extensions/fernandoescolar.vscode-solution-explorer-0.8.4/out/extension.js:2:107959)
	at a.dispose (/opt/visual-studio-code/resources/app/out/vs/workbench/api/node/extensionHostProcess.js:98:3478)
	at a.<anonymous> (/home/eirik/.vscode/extensions/fernandoescolar.vscode-solution-explorer-0.8.4/out/extension.js:2:107959)
	at a.dispose (/opt/visual-studio-code/resources/app/out/vs/workbench/api/node/extensionHostProcess.js:98:3478)
	at a.<anonymous> (/home/eirik/.vscode/extensions/fernandoescolar.vscode-solution-explorer-0.8.4/out/extension.js:2:107959)
	at a.dispose (/opt/visual-studio-code/resources/app/out/vs/workbench/api/node/extensionHostProcess.js:98:3478)
	at a.<anonymous> (/home/eirik/.vscode/extensions/fernandoescolar.vscode-solution-explorer-0.8.4/out/extension.js:2:107959)
	at a.dispose (/opt/visual-studio-code/resources/app/out/vs/workbench/api/node/extensionHostProcess.js:98:3478)
	at a.<anonymous> (/home/eirik/.vscode/extensions/fernandoescolar.vscode-solution-explorer-0.8.4/out/extension.js:2:107959)
	at a.dispose (/opt/visual-studio-code/resources/app/out/vs/workbench/api/node/extensionHostProcess.js:98:3478)
	at a.<anonymous> (/home/eirik/.vscode/extensions/fernandoescolar.vscode-solution-explorer-0.8.4/out/extension.js:2:107959)
	at a.dispose (/opt/visual-studio-code/resources/app/out/vs/workbench/api/node/extensionHostProcess.js:98:3478)
	at a.<anonymous> (/home/eirik/.vscode/extensions/fernandoescolar.vscode-solution-explorer-0.8.4/out/extension.js:2:107959)
	at a.dispose (/opt/visual-studio-code/resources/app/out/vs/workbench/api/node/extensionHostProcess.js:98:3478)
	at a.<anonymous> (/home/eirik/.vscode/extensions/fernandoescolar.vscode-solution-explorer-0.8.4/out/extension.js:2:107959)
	at a.dispose (/opt/visual-studio-code/resources/app/out/vs/workbench/api/node/extensionHostProcess.js:98:3478)
	at a.<anonymous> (/home/eirik/.vscode/extensions/fernandoescolar.vscode-solution-explorer-0.8.4/out/extension.js:2:107959)
	at a.dispose (/opt/visual-studio-code/resources/app/out/vs/workbench/api/node/extensionHostProcess.js:98:3478)
	at a.<anonymous> (/home/eirik/.vscode/extensions/fernandoescolar.vscode-solution-explorer-0.8.4/out/extension.js:2:107959)
	at a.dispose (/opt/visual-studio-code/resources/app/out/vs/workbench/api/node/extensionHostProcess.js:98:3478)
	at a.<anonymous> (/home/eirik/.vscode/extensions/fernandoescolar.vscode-solution-explorer-0.8.4/out/extension.js:2:107959)
	at a.dispose (/opt/visual-studio-code/resources/app/out/vs/workbench/api/node/extensionHostProcess.js:98:3478)
	at a.<anonymous> (/home/eirik/.vscode/extensions/fernandoescolar.vscode-solution-explorer-0.8.4/out/extension.js:2:107959)
	at a.dispose (/opt/visual-studio-code/resources/app/out/vs/workbench/api/node/extensionHostProcess.js:98:3478)
	at a.<anonymous> (/home/eirik/.vscode/extensions/fernandoescolar.vscode-solution-explorer-0.8.4/out/extension.js:2:107959)
	at a.dispose (/opt/visual-studio-code/resources/app/out/vs/workbench/api/node/extensionHostProcess.js:98:3478)
	at a.<anonymous> (/home/eirik/.vscode/extensions/fernandoescolar.vscode-solution-explorer-0.8.4/out/extension.js:2:107959)
	at a.dispose (/opt/visual-studio-code/resources/app/out/vs/workbench/api/node/extensionHostProcess.js:98:3478)
	at a.<anonymous> (/home/eirik/.vscode/extensions/fernandoescolar.vscode-solution-explorer-0.8.4/out/extension.js:2:107959)
	at a.dispose (/opt/visual-studio-code/resources/app/out/vs/workbench/api/node/extensionHostProcess.js:98:3478)
	at a.<anonymous> (/home/eirik/.vscode/extensions/fernandoescolar.vscode-solution-explorer-0.8.4/out/extension.js:2:107959)
	at a.dispose (/opt/visual-studio-code/resources/app/out/vs/workbench/api/node/extensionHostProcess.js:98:3478)
	at a.<anonymous> (/home/eirik/.vscode/extensions/fernandoescolar.vscode-solution-explorer-0.8.4/out/extension.js:2:107959)
	at a.dispose (/opt/visual-studio-code/resources/app/out/vs/workbench/api/node/extensionHostProcess.js:98:3478)
	at a.<anonymous> (/home/eirik/.vscode/extensions/fernandoescolar.vscode-solution-explorer-0.8.4/out/extension.js:2:107959)
	at a.dispose (/opt/visual-studio-code/resources/app/out/vs/workbench/api/node/extensionHostProcess.js:98:3478)
	at a.<anonymous> (/home/eirik/.vscode/extensions/fernandoescolar.vscode-solution-explorer-0.8.4/out/extension.js:2:107959)
	at a.dispose (/opt/visual-studio-code/resources/app/out/vs/workbench/api/node/extensionHostProcess.js:98:3478)
	at a.<anonymous> (/home/eirik/.vscode/extensions/fernandoescolar.vscode-solution-explorer-0.8.4/out/extension.js:2:107959)
	at a.dispose (/opt/visual-studio-code/resources/app/out/vs/workbench/api/node/extensionHostProcess.js:98:3478)
	at a.<anonymous> (/home/eirik/.vscode/extensions/fernandoescolar.vscode-solution-explorer-0.8.4/out/extension.js:2:107959)
	at a.dispose (/opt/visual-studio-code/resources/app/out/vs/workbench/api/node/extensionHostProcess.js:98:3478)
	at a.<anonymous> (/home/eirik/.vscode/extensions/fernandoescolar.vscode-solution-explorer-0.8.4/out/extension.js:2:107959)
	at a.dispose (/opt/visual-studio-code/resources/app/out/vs/workbench/api/node/extensionHostProcess.js:98:3478)
	at a.<anonymous> (/home/eirik/.vscode/extensions/fernandoescolar.vscode-solution-explorer-0.8.4/out/extension.js:2:107959)
	at a.dispose (/opt/visual-studio-code/resources/app/out/vs/workbench/api/node/extensionHostProcess.js:98:3478)
	at a.<anonymous> (/home/eirik/.vscode/extensions/fernandoescolar.vscode-solution-explorer-0.8.4/out/extension.js:2:107959)
	at a.dispose (/opt/visual-studio-code/resources/app/out/vs/workbench/api/node/extensionHostProcess.js:98:3478)
	at a.<anonymous> (/home/eirik/.vscode/extensions/fernandoescolar.vscode-solution-explorer-0.8.4/out/extension.js:2:107959)
	at a.dispose (/opt/visual-studio-code/resources/app/out/vs/workbench/api/node/extensionHostProcess.js:98:3478)
	at a.<anonymous> (/home/eirik/.vscode/extensions/fernandoescolar.vscode-solution-explorer-0.8.4/out/extension.js:2:107959)
	at a.dispose (/opt/visual-studio-code/resources/app/out/vs/workbench/api/node/extensionHostProcess.js:98:3478)
	at a.<anonymous> (/home/eirik/.vscode/extensions/fernandoescolar.vscode-solution-explorer-0.8.4/out/extension.js:2:107959)
	at a.dispose (/opt/visual-studio-code/resources/app/out/vs/workbench/api/node/extensionHostProcess.js:98:3478)
	at a.<anonymous> (/home/eirik/.vscode/extensions/fernandoescolar.vscode-solution-explorer-0.8.4/out/extension.js:2:107959)
	at a.dispose (/opt/visual-studio-code/resources/app/out/vs/workbench/api/node/extensionHostProcess.js:98:3478)
	at a.<anonymous> (/home/eirik/.vscode/extensions/fernandoescolar.vscode-solution-explorer-0.8.4/out/extension.js:2:107959)
	at a.dispose (/opt/visual-studio-code/resources/app/out/vs/workbench/api/node/extensionHostProcess.js:98:3478)
	at a.<anonymous> (/home/eirik/.vscode/extensions/fernandoescolar.vscode-solution-explorer-0.8.4/out/extension.js:2:107959)
	at a.dispose (/opt/visual-studio-code/resources/app/out/vs/workbench/api/node/extensionHostProcess.js:98:3478)
	at a.<anonymous> (/home/eirik/.vscode/extensions/fernandoescolar.vscode-solution-explorer-0.8.4/out/extension.js:2:107959)
2023-08-20 23:18:15.076 [error] An error occurred when deactivating the subscriptions for extension 'Gruntfuggly.todo-tree':
2023-08-20 23:18:15.076 [error] AggregateError: Encountered errors while disposing of store
	at S (/opt/visual-studio-code/resources/app/out/vs/workbench/api/node/extensionHostProcess.js:13:11807)
	at r.Z (/opt/visual-studio-code/resources/app/out/vs/workbench/api/node/extensionHostProcess.js:116:9686)
	at /opt/visual-studio-code/resources/app/out/vs/workbench/api/node/extensionHostProcess.js:116:7582
	at Array.map (<anonymous>)
	at r.S (/opt/visual-studio-code/resources/app/out/vs/workbench/api/node/extensionHostProcess.js:116:7570)
	at r.terminate (/opt/visual-studio-code/resources/app/out/vs/workbench/api/node/extensionHostProcess.js:116:7842)
	at s.terminate (/opt/visual-studio-code/resources/app/out/vs/workbench/api/node/extensionHostProcess.js:120:1506)
	at C (/opt/visual-studio-code/resources/app/out/vs/workbench/api/node/extensionHostProcess.js:130:32254)
	at MessagePortMain.<anonymous> (/opt/visual-studio-code/resources/app/out/vs/workbench/api/node/extensionHostProcess.js:130:28679)
	at MessagePortMain.emit (node:events:513:28)
	at MessagePortMain._internalPort.emit (node:electron/js2c/utility_init:2:367)
2023-08-20 23:18:15.088 [error] Canceled: Canceled
	at new h (/opt/visual-studio-code/resources/app/out/vs/workbench/api/node/extensionHostProcess.js:102:56634)
	at t.O (/opt/visual-studio-code/resources/app/out/vs/workbench/api/node/extensionHostProcess.js:114:8020)
	at N.<computed>.T.charCodeAt.N.<computed> (/opt/visual-studio-code/resources/app/out/vs/workbench/api/node/extensionHostProcess.js:114:5459)
	at a.g (/opt/visual-studio-code/resources/app/out/vs/workbench/api/node/extensionHostProcess.js:102:77241)
	at a.executeCommand (/opt/visual-studio-code/resources/app/out/vs/workbench/api/node/extensionHostProcess.js:102:76679)
	at v.registerCommand.description (/opt/visual-studio-code/resources/app/out/vs/workbench/api/node/extensionHostProcess.js:102:76000)
	at a.h (/opt/visual-studio-code/resources/app/out/vs/workbench/api/node/extensionHostProcess.js:102:77777)
	at a.g (/opt/visual-studio-code/resources/app/out/vs/workbench/api/node/extensionHostProcess.js:102:76772)
	at a.executeCommand (/opt/visual-studio-code/resources/app/out/vs/workbench/api/node/extensionHostProcess.js:102:76679)
	at Object.executeCommand (/opt/visual-studio-code/resources/app/out/vs/workbench/api/node/extensionHostProcess.js:120:20977)
	at r0.reset (/home/eirik/.vscode/extensions/github.vscode-pull-request-github-0.70.0/dist/extension.js:1822:4008)
	at r0.dispose (/home/eirik/.vscode/extensions/github.vscode-pull-request-github-0.70.0/dist/extension.js:1822:4247)
	at S (/opt/visual-studio-code/resources/app/out/vs/workbench/api/node/extensionHostProcess.js:13:11731)
	at r.Z (/opt/visual-studio-code/resources/app/out/vs/workbench/api/node/extensionHostProcess.js:116:9686)
	at /opt/visual-studio-code/resources/app/out/vs/workbench/api/node/extensionHostProcess.js:116:7582
	at Array.map (<anonymous>)
	at r.S (/opt/visual-studio-code/resources/app/out/vs/workbench/api/node/extensionHostProcess.js:116:7570)
	at r.terminate (/opt/visual-studio-code/resources/app/out/vs/workbench/api/node/extensionHostProcess.js:116:7842)
	at s.terminate (/opt/visual-studio-code/resources/app/out/vs/workbench/api/node/extensionHostProcess.js:120:1506)
	at C (/opt/visual-studio-code/resources/app/out/vs/workbench/api/node/extensionHostProcess.js:130:32254)
	at MessagePortMain.<anonymous> (/opt/visual-studio-code/resources/app/out/vs/workbench/api/node/extensionHostProcess.js:130:28679)
	at MessagePortMain.emit (node:events:513:28)
	at MessagePortMain._internalPort.emit (node:electron/js2c/utility_init:2:367) setContext undefined
2023-08-20 23:18:15.089 [info] Extension host with pid 1693548 exiting with code 0
