2023-08-22 08:06:26.529 [info] Extension host with pid 394406 started
2023-08-22 08:06:26.703 [info] ExtensionService#_doActivateExtension vscode.git-base, startup: true, activationEvent: '*', root cause: vscode.git
2023-08-22 08:06:26.711 [info] ExtensionService#_doActivateExtension fernandoescolar.vscode-solution-explorer, startup: true, activationEvent: '*'
2023-08-22 08:06:26.757 [info] ExtensionService#_doActivateExtension nicollasr.vscode-streamdeck, startup: true, activationEvent: '*'
2023-08-22 08:06:27.012 [info] ExtensionService#_doActivateExtension vscode.git, startup: true, activationEvent: '*'
2023-08-22 08:06:27.092 [info] ExtensionService#_doActivateExtension vscode.github, startup: true, activationEvent: '*'
2023-08-22 08:06:27.148 [info] Extension host terminating: renderer closed the MessagePort
2023-08-22 08:06:27.158 [error] An error occurred when deactivating the subscriptions for extension 'fernandoescolar.vscode-solution-explorer':
2023-08-22 08:06:27.160 [error] RangeError: Maximum call stack size exceeded
	at a.<anonymous> (/home/eirik/.vscode/extensions/fernandoescolar.vscode-solution-explorer-0.8.4/out/extension.js:2:107959)
	at a.dispose (/opt/visual-studio-code/resources/app/out/vs/workbench/api/node/extensionHostProcess.js:98:3478)
	at a.<anonymous> (/home/eirik/.vscode/extensions/fernandoescolar.vscode-solution-explorer-0.8.4/out/extension.js:2:107959)
	at a.dispose (/opt/visual-studio-code/resources/app/out/vs/workbench/api/node/extensionHostProcess.js:98:3478)
	at a.<anonymous> (/home/eirik/.vscode/extensions/fernandoescolar.vscode-solution-explorer-0.8.4/out/extension.js:2:107959)
	at a.dispose (/opt/visual-studio-code/resources/app/out/vs/workbench/api/node/extensionHostProcess.js:98:3478)
	at a.<anonymous> (/home/eirik/.vscode/extensions/fernandoescolar.vscode-solution-explorer-0.8.4/out/extension.js:2:107959)
	at a.dispose (/opt/visual-studio-code/resources/app/out/vs/workbench/api/node/extensionHostProcess.js:98:3478)
	at a.<anonymous> (/home/eirik/.vscode/extensions/fernandoescolar.vscode-solution-explorer-0.8.4/out/extension.js:2:107959)
	at a.dispose (/opt/visual-studio-code/resources/app/out/vs/workbench/api/node/extensionHostProcess.js:98:3478)
	at a.<anonymous> (/home/eirik/.vscode/extensions/fernandoescolar.vscode-solution-explorer-0.8.4/out/extension.js:2:107959)
	at a.dispose (/opt/visual-studio-code/resources/app/out/vs/workbench/api/node/extensionHostProcess.js:98:3478)
	at a.<anonymous> (/home/eirik/.vscode/extensions/fernandoescolar.vscode-solution-explorer-0.8.4/out/extension.js:2:107959)
	at a.dispose (/opt/visual-studio-code/resources/app/out/vs/workbench/api/node/extensionHostProcess.js:98:3478)
	at a.<anonymous> (/home/eirik/.vscode/extensions/fernandoescolar.vscode-solution-explorer-0.8.4/out/extension.js:2:107959)
	at a.dispose (/opt/visual-studio-code/resources/app/out/vs/workbench/api/node/extensionHostProcess.js:98:3478)
	at a.<anonymous> (/home/eirik/.vscode/extensions/fernandoescolar.vscode-solution-explorer-0.8.4/out/extension.js:2:107959)
	at a.dispose (/opt/visual-studio-code/resources/app/out/vs/workbench/api/node/extensionHostProcess.js:98:3478)
	at a.<anonymous> (/home/eirik/.vscode/extensions/fernandoescolar.vscode-solution-explorer-0.8.4/out/extension.js:2:107959)
	at a.dispose (/opt/visual-studio-code/resources/app/out/vs/workbench/api/node/extensionHostProcess.js:98:3478)
	at a.<anonymous> (/home/eirik/.vscode/extensions/fernandoescolar.vscode-solution-explorer-0.8.4/out/extension.js:2:107959)
	at a.dispose (/opt/visual-studio-code/resources/app/out/vs/workbench/api/node/extensionHostProcess.js:98:3478)
	at a.<anonymous> (/home/eirik/.vscode/extensions/fernandoescolar.vscode-solution-explorer-0.8.4/out/extension.js:2:107959)
	at a.dispose (/opt/visual-studio-code/resources/app/out/vs/workbench/api/node/extensionHostProcess.js:98:3478)
	at a.<anonymous> (/home/eirik/.vscode/extensions/fernandoescolar.vscode-solution-explorer-0.8.4/out/extension.js:2:107959)
	at a.dispose (/opt/visual-studio-code/resources/app/out/vs/workbench/api/node/extensionHostProcess.js:98:3478)
	at a.<anonymous> (/home/eirik/.vscode/extensions/fernandoescolar.vscode-solution-explorer-0.8.4/out/extension.js:2:107959)
	at a.dispose (/opt/visual-studio-code/resources/app/out/vs/workbench/api/node/extensionHostProcess.js:98:3478)
	at a.<anonymous> (/home/eirik/.vscode/extensions/fernandoescolar.vscode-solution-explorer-0.8.4/out/extension.js:2:107959)
	at a.dispose (/opt/visual-studio-code/resources/app/out/vs/workbench/api/node/extensionHostProcess.js:98:3478)
	at a.<anonymous> (/home/eirik/.vscode/extensions/fernandoescolar.vscode-solution-explorer-0.8.4/out/extension.js:2:107959)
	at a.dispose (/opt/visual-studio-code/resources/app/out/vs/workbench/api/node/extensionHostProcess.js:98:3478)
	at a.<anonymous> (/home/eirik/.vscode/extensions/fernandoescolar.vscode-solution-explorer-0.8.4/out/extension.js:2:107959)
	at a.dispose (/opt/visual-studio-code/resources/app/out/vs/workbench/api/node/extensionHostProcess.js:98:3478)
	at a.<anonymous> (/home/eirik/.vscode/extensions/fernandoescolar.vscode-solution-explorer-0.8.4/out/extension.js:2:107959)
	at a.dispose (/opt/visual-studio-code/resources/app/out/vs/workbench/api/node/extensionHostProcess.js:98:3478)
	at a.<anonymous> (/home/eirik/.vscode/extensions/fernandoescolar.vscode-solution-explorer-0.8.4/out/extension.js:2:107959)
	at a.dispose (/opt/visual-studio-code/resources/app/out/vs/workbench/api/node/extensionHostProcess.js:98:3478)
	at a.<anonymous> (/home/eirik/.vscode/extensions/fernandoescolar.vscode-solution-explorer-0.8.4/out/extension.js:2:107959)
	at a.dispose (/opt/visual-studio-code/resources/app/out/vs/workbench/api/node/extensionHostProcess.js:98:3478)
	at a.<anonymous> (/home/eirik/.vscode/extensions/fernandoescolar.vscode-solution-explorer-0.8.4/out/extension.js:2:107959)
	at a.dispose (/opt/visual-studio-code/resources/app/out/vs/workbench/api/node/extensionHostProcess.js:98:3478)
	at a.<anonymous> (/home/eirik/.vscode/extensions/fernandoescolar.vscode-solution-explorer-0.8.4/out/extension.js:2:107959)
	at a.dispose (/opt/visual-studio-code/resources/app/out/vs/workbench/api/node/extensionHostProcess.js:98:3478)
	at a.<anonymous> (/home/eirik/.vscode/extensions/fernandoescolar.vscode-solution-explorer-0.8.4/out/extension.js:2:107959)
	at a.dispose (/opt/visual-studio-code/resources/app/out/vs/workbench/api/node/extensionHostProcess.js:98:3478)
	at a.<anonymous> (/home/eirik/.vscode/extensions/fernandoescolar.vscode-solution-explorer-0.8.4/out/extension.js:2:107959)
	at a.dispose (/opt/visual-studio-code/resources/app/out/vs/workbench/api/node/extensionHostProcess.js:98:3478)
	at a.<anonymous> (/home/eirik/.vscode/extensions/fernandoescolar.vscode-solution-explorer-0.8.4/out/extension.js:2:107959)
	at a.dispose (/opt/visual-studio-code/resources/app/out/vs/workbench/api/node/extensionHostProcess.js:98:3478)
	at a.<anonymous> (/home/eirik/.vscode/extensions/fernandoescolar.vscode-solution-explorer-0.8.4/out/extension.js:2:107959)
	at a.dispose (/opt/visual-studio-code/resources/app/out/vs/workbench/api/node/extensionHostProcess.js:98:3478)
	at a.<anonymous> (/home/eirik/.vscode/extensions/fernandoescolar.vscode-solution-explorer-0.8.4/out/extension.js:2:107959)
	at a.dispose (/opt/visual-studio-code/resources/app/out/vs/workbench/api/node/extensionHostProcess.js:98:3478)
	at a.<anonymous> (/home/eirik/.vscode/extensions/fernandoescolar.vscode-solution-explorer-0.8.4/out/extension.js:2:107959)
	at a.dispose (/opt/visual-studio-code/resources/app/out/vs/workbench/api/node/extensionHostProcess.js:98:3478)
	at a.<anonymous> (/home/eirik/.vscode/extensions/fernandoescolar.vscode-solution-explorer-0.8.4/out/extension.js:2:107959)
	at a.dispose (/opt/visual-studio-code/resources/app/out/vs/workbench/api/node/extensionHostProcess.js:98:3478)
	at a.<anonymous> (/home/eirik/.vscode/extensions/fernandoescolar.vscode-solution-explorer-0.8.4/out/extension.js:2:107959)
	at a.dispose (/opt/visual-studio-code/resources/app/out/vs/workbench/api/node/extensionHostProcess.js:98:3478)
	at a.<anonymous> (/home/eirik/.vscode/extensions/fernandoescolar.vscode-solution-explorer-0.8.4/out/extension.js:2:107959)
	at a.dispose (/opt/visual-studio-code/resources/app/out/vs/workbench/api/node/extensionHostProcess.js:98:3478)
	at a.<anonymous> (/home/eirik/.vscode/extensions/fernandoescolar.vscode-solution-explorer-0.8.4/out/extension.js:2:107959)
	at a.dispose (/opt/visual-studio-code/resources/app/out/vs/workbench/api/node/extensionHostProcess.js:98:3478)
	at a.<anonymous> (/home/eirik/.vscode/extensions/fernandoescolar.vscode-solution-explorer-0.8.4/out/extension.js:2:107959)
	at a.dispose (/opt/visual-studio-code/resources/app/out/vs/workbench/api/node/extensionHostProcess.js:98:3478)
	at a.<anonymous> (/home/eirik/.vscode/extensions/fernandoescolar.vscode-solution-explorer-0.8.4/out/extension.js:2:107959)
	at a.dispose (/opt/visual-studio-code/resources/app/out/vs/workbench/api/node/extensionHostProcess.js:98:3478)
	at a.<anonymous> (/home/eirik/.vscode/extensions/fernandoescolar.vscode-solution-explorer-0.8.4/out/extension.js:2:107959)
	at a.dispose (/opt/visual-studio-code/resources/app/out/vs/workbench/api/node/extensionHostProcess.js:98:3478)
	at a.<anonymous> (/home/eirik/.vscode/extensions/fernandoescolar.vscode-solution-explorer-0.8.4/out/extension.js:2:107959)
	at a.dispose (/opt/visual-studio-code/resources/app/out/vs/workbench/api/node/extensionHostProcess.js:98:3478)
	at a.<anonymous> (/home/eirik/.vscode/extensions/fernandoescolar.vscode-solution-explorer-0.8.4/out/extension.js:2:107959)
	at a.dispose (/opt/visual-studio-code/resources/app/out/vs/workbench/api/node/extensionHostProcess.js:98:3478)
	at a.<anonymous> (/home/eirik/.vscode/extensions/fernandoescolar.vscode-solution-explorer-0.8.4/out/extension.js:2:107959)
	at a.dispose (/opt/visual-studio-code/resources/app/out/vs/workbench/api/node/extensionHostProcess.js:98:3478)
	at a.<anonymous> (/home/eirik/.vscode/extensions/fernandoescolar.vscode-solution-explorer-0.8.4/out/extension.js:2:107959)
	at a.dispose (/opt/visual-studio-code/resources/app/out/vs/workbench/api/node/extensionHostProcess.js:98:3478)
	at a.<anonymous> (/home/eirik/.vscode/extensions/fernandoescolar.vscode-solution-explorer-0.8.4/out/extension.js:2:107959)
	at a.dispose (/opt/visual-studio-code/resources/app/out/vs/workbench/api/node/extensionHostProcess.js:98:3478)
	at a.<anonymous> (/home/eirik/.vscode/extensions/fernandoescolar.vscode-solution-explorer-0.8.4/out/extension.js:2:107959)
	at a.dispose (/opt/visual-studio-code/resources/app/out/vs/workbench/api/node/extensionHostProcess.js:98:3478)
	at a.<anonymous> (/home/eirik/.vscode/extensions/fernandoescolar.vscode-solution-explorer-0.8.4/out/extension.js:2:107959)
	at a.dispose (/opt/visual-studio-code/resources/app/out/vs/workbench/api/node/extensionHostProcess.js:98:3478)
	at a.<anonymous> (/home/eirik/.vscode/extensions/fernandoescolar.vscode-solution-explorer-0.8.4/out/extension.js:2:107959)
	at a.dispose (/opt/visual-studio-code/resources/app/out/vs/workbench/api/node/extensionHostProcess.js:98:3478)
	at a.<anonymous> (/home/eirik/.vscode/extensions/fernandoescolar.vscode-solution-explorer-0.8.4/out/extension.js:2:107959)
	at a.dispose (/opt/visual-studio-code/resources/app/out/vs/workbench/api/node/extensionHostProcess.js:98:3478)
	at a.<anonymous> (/home/eirik/.vscode/extensions/fernandoescolar.vscode-solution-explorer-0.8.4/out/extension.js:2:107959)
	at a.dispose (/opt/visual-studio-code/resources/app/out/vs/workbench/api/node/extensionHostProcess.js:98:3478)
	at a.<anonymous> (/home/eirik/.vscode/extensions/fernandoescolar.vscode-solution-explorer-0.8.4/out/extension.js:2:107959)
	at a.dispose (/opt/visual-studio-code/resources/app/out/vs/workbench/api/node/extensionHostProcess.js:98:3478)
	at a.<anonymous> (/home/eirik/.vscode/extensions/fernandoescolar.vscode-solution-explorer-0.8.4/out/extension.js:2:107959)
	at a.dispose (/opt/visual-studio-code/resources/app/out/vs/workbench/api/node/extensionHostProcess.js:98:3478)
	at a.<anonymous> (/home/eirik/.vscode/extensions/fernandoescolar.vscode-solution-explorer-0.8.4/out/extension.js:2:107959)
	at a.dispose (/opt/visual-studio-code/resources/app/out/vs/workbench/api/node/extensionHostProcess.js:98:3478)
	at a.<anonymous> (/home/eirik/.vscode/extensions/fernandoescolar.vscode-solution-explorer-0.8.4/out/extension.js:2:107959)
	at a.dispose (/opt/visual-studio-code/resources/app/out/vs/workbench/api/node/extensionHostProcess.js:98:3478)
	at a.<anonymous> (/home/eirik/.vscode/extensions/fernandoescolar.vscode-solution-explorer-0.8.4/out/extension.js:2:107959)
	at a.dispose (/opt/visual-studio-code/resources/app/out/vs/workbench/api/node/extensionHostProcess.js:98:3478)
2023-08-22 08:06:27.161 [info] Extension host with pid 394406 exiting with code 0
