2023-08-22 08:06:17.282 [info] Added views:workbench.panel.markers.view in workbench.panel.markers
2023-08-22 08:06:17.282 [info] Added views:workbench.panel.output in workbench.panel.output
2023-08-22 08:06:17.282 [info] Added views:terminal in terminal
2023-08-22 08:06:17.282 [info] Added views:outline in workbench.view.explorer
2023-08-22 08:06:17.282 [info] Added views:workbench.scm in workbench.view.scm
2023-08-22 08:06:17.282 [info] Added views:workbench.view.search in workbench.view.search
2023-08-22 08:06:17.282 [info] Added views:workbench.explorer.emptyView in workbench.view.explorer
2023-08-22 08:06:18.221 [info] Added views:pr:github,issues:github in workbench.view.extension.github-pull-requests
2023-08-22 08:06:18.223 [info] Added views:todo-tree-view in workbench.view.extension.todo-tree-container
2023-08-22 08:06:18.225 [info] Added views:dockerContainers,dockerImages,dockerRegistries,dockerNetworks,dockerVolumes,vscode-docker.views.dockerContexts,vscode-docker.views.help in workbench.view.extension.dockerView
2023-08-22 08:06:18.226 [info] Added views:targetsContainers,devVolumes in workbench.view.remote
2023-08-22 08:06:18.229 [info] Added views:makefile.outline in workbench.view.extension.makefile__viewContainer
2023-08-22 08:06:18.230 [info] Added views:remoteTargets in workbench.view.remote
2023-08-22 08:06:18.231 [info] Added views:vscode-serial-monitor.monitor0 in workbench.view.extension.vscode-serial-monitor-tools
2023-08-22 08:06:18.244 [info] Added views:liveshare.session in workbench.view.extension.liveshare
2023-08-22 08:06:18.245 [info] Added views:mavenProjects in workbench.view.explorer
2023-08-22 08:06:18.759 [info] Added views:workbench.debug.variablesView,workbench.debug.watchExpressionsView,workbench.debug.callStackView,workbench.debug.breakPointsView in workbench.view.debug
2023-08-22 08:06:18.838 [info] Added views:workbench.panel.repl.view in workbench.panel.repl
2023-08-22 08:06:18.838 [info] Removed views:workbench.debug.breakPointsView,workbench.debug.callStackView,workbench.debug.watchExpressionsView,workbench.debug.variablesView from workbench.view.debug
2023-08-22 08:06:18.838 [info] Added views:workbench.debug.welcome in workbench.view.debug
2023-08-22 08:06:19.166 [info] Added views:slnbrw in workbench.view.extension.sln_explorer
