2023-08-20 23:58:48.164 [info] Reading sessions from keychain...
2023-08-20 23:58:48.164 [info] Getting sessions for all scopes...
2023-08-20 23:58:48.164 [info] Got stored sessions!
2023-08-20 23:58:48.164 [info] Got 1 verified sessions.
2023-08-20 23:58:48.164 [info] Got 1 sessions for ...
2023-08-20 23:58:48.853 [info] Getting sessions for read:user,repo,user:email,workflow...
2023-08-20 23:58:48.853 [info] Got 1 sessions for read:user,repo,user:email,workflow...
2023-08-20 23:58:49.036 [info] Getting sessions for read:user,repo,user:email,workflow...
2023-08-20 23:58:49.036 [info] Got 1 sessions for read:user,repo,user:email,workflow...
2023-08-20 23:58:49.687 [info] Getting sessions for all scopes...
2023-08-20 23:58:49.687 [info] Got 1 sessions for ...
2023-08-20 23:58:49.997 [info] Getting sessions for user:email...
2023-08-20 23:58:49.997 [info] Got 0 sessions for user:email...
2023-08-20 23:58:49.999 [info] Getting sessions for read:user,repo,user:email,workflow...
2023-08-20 23:58:49.999 [info] Got 1 sessions for read:user,repo,user:email,workflow...
2023-08-20 23:58:50.665 [info] Getting sessions for read:user,repo,user:email,workflow...
2023-08-20 23:58:50.665 [info] Got 1 sessions for read:user,repo,user:email,workflow...
2023-08-20 23:58:51.473 [info] Getting sessions for read:user,repo,user:email,workflow...
2023-08-20 23:58:51.473 [info] Got 1 sessions for read:user,repo,user:email,workflow...
2023-08-20 23:58:51.528 [info] Getting sessions for all scopes...
2023-08-20 23:58:51.528 [info] Got 1 sessions for ...
2023-08-20 23:58:58.923 [info] Getting sessions for read:user,repo,user:email,workflow...
2023-08-20 23:58:58.923 [info] Got 1 sessions for read:user,repo,user:email,workflow...
