2023-08-20 23:20:40.904 [warning] /home/eirik/.ssh/config: ENOENT: no such file or directory, open '/home/eirik/.ssh/config'
2023-08-20 23:20:41.119 [info] Looking for git repository
2023-08-20 23:20:41.119 [info] Found 0 repositories during activation
2023-08-20 23:20:41.119 [info] Git repository found, initializing review manager and pr tree view.
2023-08-20 23:20:46.264 [info] Registering git provider
2023-08-20 23:20:46.601 [info] Repository file:///home/eirik/Development/tapawingo.github.io has been opened
2023-08-20 23:20:46.693 [info] Review> Validate state in progress
2023-08-20 23:20:46.693 [info] Review> Validating state...
2023-08-20 23:20:46.693 [info] Cannot updates repositories as git is uninitialized
2023-08-20 23:20:46.693 [info] Repo state for file:///home/eirik/Development/tapawingo.github.io changed.
2023-08-20 23:20:46.693 [info] Repo file:///home/eirik/Development/tapawingo.github.io has already been setup.
2023-08-20 23:20:46.737 [info] Git initialization state changed: state=initialized
2023-08-20 23:20:46.737 [info] Review> Queuing additional validate state
2023-08-20 23:20:46.786 [info] Review> No matching pull request metadata found locally for current branch master
2023-08-20 23:20:46.786 [info] Review> no matching pull request metadata found for current branch master
2023-08-20 23:20:46.786 [info] Review> No matching pull request metadata found on GitHub for current branch master
2023-08-20 23:20:47.064 [info] Review> Validating state...
2023-08-20 23:20:47.066 [info] Found GitHub remote for folder /home/eirik/Development/tapawingo.github.io
2023-08-20 23:20:47.108 [info] Review> No matching pull request metadata found locally for current branch master
2023-08-20 23:20:47.108 [info] Review> no matching pull request metadata found for current branch master
2023-08-20 23:20:47.109 [info] Review> No matching pull request metadata found on GitHub for current branch master
2023-08-20 23:21:11.513 [info] Review> Validate state in progress
2023-08-20 23:21:11.513 [info] Review> Validating state...
2023-08-20 23:21:11.806 [info] Found GitHub remote for folder /home/eirik/Development/tapawingo.github.io
2023-08-20 23:21:11.955 [info] Review> No matching pull request metadata found locally for current branch master
2023-08-20 23:21:11.955 [info] Review> no matching pull request metadata found for current branch master
2023-08-20 23:21:11.955 [info] Review> No matching pull request metadata found on GitHub for current branch master
2023-08-20 23:21:30.788 [info] Review> Validate state in progress
2023-08-20 23:21:30.788 [info] Review> Validating state...
2023-08-20 23:21:30.822 [info] Found GitHub remote for folder /home/eirik/Development/tapawingo.github.io
2023-08-20 23:21:30.870 [info] Found GitHub remote for folder /home/eirik/Development/tapawingo.github.io
2023-08-20 23:21:31.403 [info] Review> Queuing additional validate state
2023-08-20 23:21:31.589 [info] Found GitHub remote for folder /home/eirik/Development/tapawingo.github.io
2023-08-20 23:21:31.822 [info] Review> Queuing additional validate state
2023-08-20 23:21:32.326 [info] Found GitHub remote for folder /home/eirik/Development/tapawingo.github.io
2023-08-20 23:21:32.534 [info] Review> No matching pull request metadata found locally for current branch master
2023-08-20 23:21:32.534 [info] Review> no matching pull request metadata found for current branch master
2023-08-20 23:21:32.941 [info] Review> No matching pull request metadata found on GitHub for current branch master
2023-08-20 23:21:32.963 [info] Review> Validating state...
2023-08-20 23:21:32.981 [info] Found GitHub remote for folder /home/eirik/Development/tapawingo.github.io
2023-08-20 23:21:33.297 [info] Review> No matching pull request metadata found locally for current branch master
2023-08-20 23:21:33.298 [info] Review> no matching pull request metadata found for current branch master
2023-08-20 23:21:33.684 [info] Review> No matching pull request metadata found on GitHub for current branch master
2023-08-20 23:21:33.696 [info] Review> Validating state...
2023-08-20 23:21:33.697 [info] Found GitHub remote for folder /home/eirik/Development/tapawingo.github.io
2023-08-20 23:21:34.072 [info] Review> No matching pull request metadata found locally for current branch master
2023-08-20 23:21:34.072 [info] Review> no matching pull request metadata found for current branch master
2023-08-20 23:21:34.458 [info] Review> No matching pull request metadata found on GitHub for current branch master
2023-08-20 23:29:25.285 [info] Review> Validate state in progress
2023-08-20 23:29:25.285 [info] Review> Validating state...
2023-08-20 23:29:25.597 [info] Found GitHub remote for folder /home/eirik/Development/tapawingo.github.io
2023-08-20 23:29:25.753 [info] Review> No matching pull request metadata found locally for current branch master
2023-08-20 23:29:25.753 [info] Review> no matching pull request metadata found for current branch master
2023-08-20 23:29:26.263 [info] Review> No matching pull request metadata found on GitHub for current branch master
2023-08-20 23:29:27.435 [info] Review> Validate state in progress
2023-08-20 23:29:27.435 [info] Review> Validating state...
2023-08-20 23:29:27.493 [info] Found GitHub remote for folder /home/eirik/Development/tapawingo.github.io
2023-08-20 23:29:27.864 [info] Review> No matching pull request metadata found locally for current branch master
2023-08-20 23:29:27.864 [info] Review> no matching pull request metadata found for current branch master
2023-08-20 23:29:28.248 [info] Review> No matching pull request metadata found on GitHub for current branch master
2023-08-20 23:39:05.469 [info] Review> Validate state in progress
2023-08-20 23:39:05.469 [info] Review> Validating state...
2023-08-20 23:39:05.769 [info] Found GitHub remote for folder /home/eirik/Development/tapawingo.github.io
2023-08-20 23:39:05.974 [info] Review> No matching pull request metadata found locally for current branch master
2023-08-20 23:39:05.974 [info] Review> no matching pull request metadata found for current branch master
2023-08-20 23:39:06.411 [info] Review> No matching pull request metadata found on GitHub for current branch master
2023-08-20 23:39:07.358 [info] Review> Validate state in progress
2023-08-20 23:39:07.358 [info] Review> Validating state...
2023-08-20 23:39:07.455 [info] Found GitHub remote for folder /home/eirik/Development/tapawingo.github.io
2023-08-20 23:39:07.950 [info] Review> No matching pull request metadata found locally for current branch master
2023-08-20 23:39:07.950 [info] Review> no matching pull request metadata found for current branch master
2023-08-20 23:39:08.305 [info] Review> No matching pull request metadata found on GitHub for current branch master
2023-08-20 23:49:35.658 [info] Review> Validate state in progress
2023-08-20 23:49:35.658 [info] Review> Validating state...
2023-08-20 23:49:36.125 [info] Found GitHub remote for folder /home/eirik/Development/tapawingo.github.io
2023-08-20 23:49:36.317 [info] Review> No matching pull request metadata found locally for current branch master
2023-08-20 23:49:36.317 [info] Review> no matching pull request metadata found for current branch master
2023-08-20 23:49:36.900 [info] Review> No matching pull request metadata found on GitHub for current branch master
2023-08-20 23:49:38.083 [info] Review> Validate state in progress
2023-08-20 23:49:38.083 [info] Review> Validating state...
2023-08-20 23:49:38.148 [info] Found GitHub remote for folder /home/eirik/Development/tapawingo.github.io
2023-08-20 23:49:38.418 [info] Review> No matching pull request metadata found locally for current branch master
2023-08-20 23:49:38.418 [info] Review> no matching pull request metadata found for current branch master
2023-08-20 23:49:38.768 [info] Review> No matching pull request metadata found on GitHub for current branch master
