2023-08-20 23:20:39.091 [info] Added views:workbench.panel.markers.view in workbench.panel.markers
2023-08-20 23:20:39.091 [info] Added views:workbench.panel.output in workbench.panel.output
2023-08-20 23:20:39.091 [info] Added views:terminal in terminal
2023-08-20 23:20:39.091 [info] Added views:outline in workbench.view.explorer
2023-08-20 23:20:39.091 [info] Added views:workbench.scm in workbench.view.scm
2023-08-20 23:20:39.091 [info] Added views:workbench.view.search in workbench.view.search
2023-08-20 23:20:39.091 [info] Added views:workbench.explorer.fileView in workbench.view.explorer
2023-08-20 23:20:39.741 [info] Added views:pr:github,issues:github in workbench.view.extension.github-pull-requests
2023-08-20 23:20:39.744 [info] Added views:dockerContainers,dockerImages,dockerRegistries,dockerNetworks,dockerVolumes,vscode-docker.views.dockerContexts,vscode-docker.views.help in workbench.view.extension.dockerView
2023-08-20 23:20:39.745 [info] Added views:targetsContainers,devVolumes in workbench.view.remote
2023-08-20 23:20:39.746 [info] Added views:remoteTargets in workbench.view.remote
2023-08-20 23:20:39.753 [info] Added views:liveshare.session in workbench.view.extension.liveshare
2023-08-20 23:20:40.173 [info] Added views:workbench.debug.variablesView,workbench.debug.watchExpressionsView,workbench.debug.callStackView,workbench.debug.breakPointsView in workbench.view.debug
2023-08-20 23:20:40.249 [info] Added views:workbench.panel.repl.view in workbench.panel.repl
2023-08-20 23:20:40.249 [info] Removed views:workbench.debug.breakPointsView,workbench.debug.callStackView,workbench.debug.watchExpressionsView,workbench.debug.variablesView from workbench.view.debug
2023-08-20 23:20:40.249 [info] Added views:workbench.debug.welcome in workbench.view.debug
2023-08-20 23:20:45.625 [info] Added views:todo-tree-view in workbench.view.extension.todo-tree-container
2023-08-20 23:20:45.627 [info] Added views:makefile.outline in workbench.view.extension.makefile__viewContainer
2023-08-20 23:20:45.627 [info] Added views:vscode-serial-monitor.monitor0 in workbench.view.extension.vscode-serial-monitor-tools
2023-08-20 23:20:46.285 [info] Added views:slnbrw in workbench.view.extension.sln_explorer
2023-08-20 23:20:47.060 [info] Added views:github:activePullRequest:welcome in workbench.view.extension.github-pull-request
2023-08-20 23:20:47.063 [info] Removed views:github:activePullRequest:welcome from workbench.view.extension.github-pull-request
2023-08-20 23:20:47.068 [info] Removed views:issues:github,pr:github from workbench.view.extension.github-pull-requests
2023-08-20 23:20:47.069 [info] Added views:github:login in workbench.view.extension.github-pull-requests
2023-08-20 23:21:30.788 [info] Removed views:github:login from workbench.view.extension.github-pull-requests
2023-08-20 23:21:30.791 [info] Added views:pr:github,issues:github in workbench.view.extension.github-pull-requests
2023-08-20 23:21:30.846 [info] Added views:workbench.panel.comments in workbench.panel.comments
