2023-08-21 00:00:30.940 [info] Log level: Info
2023-08-21 00:00:30.940 [info] Validating found git in: "git"
2023-08-21 00:00:30.940 [info] Using git "2.41.0" from "git"
2023-08-21 00:00:30.940 [info] > git rev-parse --show-toplevel [2ms]
2023-08-21 00:00:30.940 [info] > git rev-parse --git-dir --git-common-dir [3ms]
2023-08-21 00:00:30.940 [info] Open repository: /home/eirik/Development/tapawingo.github.io
2023-08-21 00:00:30.940 [info] > git config --get commit.template [30ms]
2023-08-21 00:00:30.940 [info] > git rev-parse --show-toplevel [67ms]
2023-08-21 00:00:30.940 [info] > git for-each-ref --format=%(refname)%00%(upstream:short)%00%(objectname)%00%(upstream:track)%00%(upstream:remotename)%00%(upstream:remoteref) refs/heads/master refs/remotes/master [3ms]
2023-08-21 00:00:30.940 [info] > git rev-parse --show-toplevel [4ms]
2023-08-21 00:00:30.940 [info] > git status -z -uall [45ms]
2023-08-21 00:00:30.940 [info] > git rev-parse --show-toplevel [50ms]
2023-08-21 00:00:30.940 [info] > git config --get commit.template [11ms]
2023-08-21 00:00:30.940 [info] > git rev-parse --show-toplevel [17ms]
2023-08-21 00:00:30.940 [info] > git for-each-ref --format=%(refname)%00%(upstream:short)%00%(objectname)%00%(upstream:track)%00%(upstream:remotename)%00%(upstream:remoteref) refs/heads/master refs/remotes/master [32ms]
2023-08-21 00:00:30.940 [info] > git status -z -uall [10ms]
2023-08-21 00:00:31.811 [info] > git fetch [1198ms]
2023-08-21 00:00:32.029 [info] > git config --get commit.template [34ms]
2023-08-21 00:00:32.114 [info] > git for-each-ref --format=%(refname)%00%(upstream:short)%00%(objectname)%00%(upstream:track)%00%(upstream:remotename)%00%(upstream:remoteref) refs/heads/master refs/remotes/master [5ms]
2023-08-21 00:00:32.142 [info] > git status -z -uall [10ms]
2023-08-21 00:00:32.558 [info] > git check-ignore -v -z --stdin [17ms]
2023-08-21 00:00:35.625 [info] > git config --local branch.master.github-pr-owner-number [237ms]
2023-08-21 00:00:35.711 [info] > git config --get commit.template [24ms]
2023-08-21 00:00:35.715 [info] > git for-each-ref --format=%(refname)%00%(upstream:short)%00%(objectname)%00%(upstream:track)%00%(upstream:remotename)%00%(upstream:remoteref) refs/heads/master refs/remotes/master [5ms]
2023-08-21 00:00:35.744 [info] > git status -z -uall [6ms]
2023-08-21 00:00:36.062 [info] > git show --textconv :home/4/styles/style.css [147ms]
2023-08-21 00:00:36.070 [info] > git ls-files --stage -- /home/eirik/Development/tapawingo.github.io/home/4/styles/style.css [121ms]
2023-08-21 00:00:36.118 [info] > git cat-file -s a9102d77144de6970889a315d7a993c498b06432 [24ms]
2023-08-21 00:00:37.253 [info] > git log --oneline --cherry master...master@{upstream} -- [18ms]
2023-08-21 00:00:37.808 [info] > git pull --tags origin master [529ms]
2023-08-21 00:00:37.808 [info] From https://github.com/Tapawingo/tapawingo.github.io
 * branch            master     -> FETCH_HEAD
2023-08-21 00:00:39.044 [info] > git ls-files --stage -- /home/eirik/Development/tapawingo.github.io/home/4/styles/style.css [2ms]
2023-08-21 00:00:39.074 [info] > git cat-file -s a9102d77144de6970889a315d7a993c498b06432 [7ms]
2023-08-21 00:00:39.106 [info] > git show --textconv :home/4/styles/style.css [10ms]
2023-08-21 00:00:39.630 [info] > git push origin master:master [1781ms]
2023-08-21 00:00:39.630 [info] remote: This repository moved. Please use the new location:        
remote:   https://github.com/Tapawingo/Tapawingo.github.io.git        
To https://github.com/Tapawingo/tapawingo.github.io.git
   470e84d..f35bee9  master -> master
2023-08-21 00:00:39.680 [info] > git config --get commit.template [23ms]
2023-08-21 00:00:39.681 [info] > git for-each-ref --format=%(refname)%00%(upstream:short)%00%(objectname)%00%(upstream:track)%00%(upstream:remotename)%00%(upstream:remoteref) refs/heads/master refs/remotes/master [2ms]
2023-08-21 00:00:39.711 [info] > git status -z -uall [8ms]
2023-08-21 00:00:39.983 [info] > git config --local branch.master.github-pr-owner-number [121ms]
2023-08-21 00:00:40.010 [info] > git config --get commit.template [2ms]
2023-08-21 00:00:40.043 [info] > git for-each-ref --format=%(refname)%00%(upstream:short)%00%(objectname)%00%(upstream:track)%00%(upstream:remotename)%00%(upstream:remoteref) refs/heads/master refs/remotes/master [12ms]
2023-08-21 00:00:40.071 [info] > git status -z -uall [10ms]
2023-08-21 00:00:40.782 [info] > git config --get commit.template [18ms]
2023-08-21 00:00:40.784 [info] > git for-each-ref --format=%(refname)%00%(upstream:short)%00%(objectname)%00%(upstream:track)%00%(upstream:remotename)%00%(upstream:remoteref) refs/heads/master refs/remotes/master [3ms]
2023-08-21 00:00:40.811 [info] > git status -z -uall [3ms]
2023-08-21 00:00:40.876 [info] > git ls-files --stage -- /home/eirik/Development/tapawingo.github.io/home/4/styles/style.css [3ms]
2023-08-21 00:00:40.898 [info] > git cat-file -s a9102d77144de6970889a315d7a993c498b06432 [2ms]
2023-08-21 00:00:40.928 [info] > git show --textconv :home/4/styles/style.css [3ms]
