2023-08-20 23:58:43.310 [info] Added views:workbench.panel.markers.view in workbench.panel.markers
2023-08-20 23:58:43.310 [info] Added views:workbench.panel.output in workbench.panel.output
2023-08-20 23:58:43.310 [info] Added views:terminal in terminal
2023-08-20 23:58:43.310 [info] Added views:outline in workbench.view.explorer
2023-08-20 23:58:43.310 [info] Added views:workbench.scm in workbench.view.scm
2023-08-20 23:58:43.310 [info] Added views:workbench.view.search in workbench.view.search
2023-08-20 23:58:43.310 [info] Added views:workbench.explorer.fileView in workbench.view.explorer
2023-08-20 23:58:43.638 [info] Added views:workbench.debug.welcome in workbench.view.debug
2023-08-20 23:58:44.175 [info] Added views:pr:github,issues:github in workbench.view.extension.github-pull-requests
2023-08-20 23:58:44.178 [info] Added views:todo-tree-view in workbench.view.extension.todo-tree-container
2023-08-20 23:58:44.178 [info] Added views:dockerContainers,dockerImages,dockerRegistries,dockerNetworks,dockerVolumes,vscode-docker.views.dockerContexts,vscode-docker.views.help in workbench.view.extension.dockerView
2023-08-20 23:58:44.179 [info] Added views:targetsContainers,devVolumes in workbench.view.remote
2023-08-20 23:58:44.180 [info] Added views:makefile.outline in workbench.view.extension.makefile__viewContainer
2023-08-20 23:58:44.180 [info] Added views:remoteTargets in workbench.view.remote
2023-08-20 23:58:44.181 [info] Added views:vscode-serial-monitor.monitor0 in workbench.view.extension.vscode-serial-monitor-tools
2023-08-20 23:58:44.182 [info] Added views:liveshare.session in workbench.view.extension.liveshare
2023-08-20 23:58:44.881 [info] Added views:workbench.panel.repl.view in workbench.panel.repl
2023-08-20 23:58:46.033 [info] Added views:slnbrw in workbench.view.extension.sln_explorer
2023-08-20 23:58:49.691 [info] Added views:workbench.panel.comments in workbench.panel.comments
2023-08-20 23:58:49.813 [info] Added views:github:activePullRequest:welcome in workbench.view.extension.github-pull-request
2023-08-20 23:58:51.535 [info] Removed views:github:activePullRequest:welcome from workbench.view.extension.github-pull-request
