2023-08-22 08:07:13.568 [info] Extension host with pid 448611 started
2023-08-22 08:07:13.798 [info] ExtensionService#_doActivateExtension Vue.volar, startup: false, activationEvent: 'onLanguage:plaintext'
2023-08-22 08:07:13.867 [info] ExtensionService#_doActivateExtension vscode.emmet, startup: false, activationEvent: 'onLanguage'
2023-08-22 08:07:13.877 [info] ExtensionService#_doActivateExtension vscode.extension-editing, startup: false, activationEvent: 'onLanguage:markdown'
2023-08-22 08:07:13.913 [info] ExtensionService#_doActivateExtension vscode.markdown-language-features, startup: false, activationEvent: 'onLanguage:markdown'
2023-08-22 08:07:15.047 [info] ExtensionService#_doActivateExtension vscode.git-base, startup: true, activationEvent: '*'
2023-08-22 08:07:15.595 [info] ExtensionService#_doActivateExtension vscode.github, startup: true, activationEvent: '*'
2023-08-22 08:07:15.668 [info] ExtensionService#_doActivateExtension vscode.markdown-math, startup: false, activationEvent: 'api', root cause: vscode.markdown-language-features
2023-08-22 08:07:15.860 [info] Eager extensions activated
2023-08-22 08:07:15.940 [info] ExtensionService#_doActivateExtension vscode.debug-auto-launch, startup: false, activationEvent: 'onStartupFinished'
2023-08-22 08:07:15.943 [info] ExtensionService#_doActivateExtension vscode.merge-conflict, startup: false, activationEvent: 'onStartupFinished'
2023-08-22 08:07:15.957 [info] ExtensionService#_doActivateExtension Equinusocio.vsc-material-theme, startup: false, activationEvent: 'onStartupFinished'
2023-08-22 08:07:15.976 [info] ExtensionService#_doActivateExtension vscode.github-authentication, startup: false, activationEvent: 'onStartupFinished', root cause: GitHub.vscode-pull-request-github
2023-08-22 08:07:16.048 [info] ExtensionService#_doActivateExtension ms-vscode-remote.remote-containers, startup: false, activationEvent: 'onStartupFinished'
2023-08-22 08:07:16.132 [info] ExtensionService#_doActivateExtension ms-vscode-remote.remote-wsl, startup: false, activationEvent: 'onStartupFinished'
2023-08-22 08:07:16.189 [info] ExtensionService#_doActivateExtension ms-vscode.remote-server, startup: false, activationEvent: 'onStartupFinished'
2023-08-22 08:07:16.232 [info] ExtensionService#_doActivateExtension PKief.material-icon-theme, startup: false, activationEvent: 'onStartupFinished'
2023-08-22 08:07:16.243 [info] ExtensionService#_doActivateExtension sainnhe.gruvbox-material, startup: false, activationEvent: 'onStartupFinished'
2023-08-22 08:07:16.708 [info] ExtensionService#_doActivateExtension GitHub.vscode-pull-request-github, startup: false, activationEvent: 'onStartupFinished'
2023-08-22 08:07:18.314 [info] ExtensionService#_doActivateExtension vscode.microsoft-authentication, startup: false, activationEvent: 'onAuthenticationRequest:microsoft'
2023-08-22 08:07:18.404 [info] ExtensionService#_doActivateExtension ms-vsliveshare.vsliveshare, startup: false, activationEvent: 'api', root cause: GitHub.vscode-pull-request-github
2023-08-22 08:07:21.887 [error] HttpError: request to https://api.github.com/user failed, reason: connect EHOSTUNREACH 140.82.121.6:443
	at /home/eirik/.vscode/extensions/github.vscode-pull-request-github-0.70.0/dist/extension.js:1770:6565
	at process.processTicksAndRejections (node:internal/process/task_queues:96:5)
	at async af.execute (/home/eirik/.vscode/extensions/github.vscode-pull-request-github-0.70.0/dist/extension.js:1674:45927)
2023-08-22 08:07:27.324 [info] ExtensionService#_doActivateExtension bierner.markdown-mermaid, startup: false, activationEvent: 'api', root cause: vscode.markdown-language-features
2023-08-22 08:07:27.327 [info] ExtensionService#_doActivateExtension koehlma.markdown-math, startup: false, activationEvent: 'api', root cause: vscode.markdown-language-features
2023-08-22 08:07:27.329 [info] ExtensionService#_doActivateExtension yzhang.markdown-all-in-one, startup: false, activationEvent: 'api', root cause: vscode.markdown-language-features
2023-08-22 08:07:27.462 [info] ExtensionService#_doActivateExtension vscode.git, startup: false, activationEvent: 'api', root cause: vscode.github
2023-08-22 08:07:27.636 [info] ExtensionService#_doActivateExtension bradlc.vscode-tailwindcss, startup: false, activationEvent: 'onStartupFinished'
2023-08-22 08:07:27.653 [info] ExtensionService#_doActivateExtension darkriszty.markdown-table-prettify, startup: false, activationEvent: 'onStartupFinished'
2023-08-22 08:07:27.695 [info] ExtensionService#_doActivateExtension equinusocio.vsc-material-theme-icons, startup: false, activationEvent: 'onStartupFinished'
2023-08-22 08:07:27.722 [info] ExtensionService#_doActivateExtension fernandoescolar.vscode-solution-explorer, startup: false, activationEvent: '*'
2023-08-22 08:07:27.737 [info] ExtensionService#_doActivateExtension Gruntfuggly.todo-tree, startup: false, activationEvent: 'onStartupFinished'
2023-08-22 08:07:27.766 [info] ExtensionService#_doActivateExtension nicollasr.vscode-streamdeck, startup: false, activationEvent: '*'
2023-08-22 08:07:27.812 [info] ExtensionService#_doActivateExtension shd101wyy.markdown-preview-enhanced, startup: false, activationEvent: 'onLanguage:markdown'
2023-08-22 08:48:55.094 [error] Error: connect EHOSTUNREACH 13.107.5.93:443
	at TCPConnectWrap.afterConnect [as oncomplete] (node:net:1247:16)
2023-08-22 09:20:59.740 [error] Error: connect EHOSTUNREACH 13.107.5.93:443
	at TCPConnectWrap.afterConnect [as oncomplete] (node:net:1247:16)
2023-08-22 09:50:59.740 [error] Error: connect EHOSTUNREACH 13.107.5.93:443
	at TCPConnectWrap.afterConnect [as oncomplete] (node:net:1247:16)
