2023-08-20 23:58:47.220 [info] Log level: Info
2023-08-20 23:58:47.220 [info] Validating found git in: "git"
2023-08-20 23:58:47.220 [info] Using git "2.41.0" from "git"
2023-08-20 23:58:47.220 [info] > git rev-parse --show-toplevel [12ms]
2023-08-20 23:58:47.220 [info] > git rev-parse --git-dir --git-common-dir [85ms]
2023-08-20 23:58:47.220 [info] Open repository: /home/eirik/Development/tapawingo.github.io
2023-08-20 23:58:47.344 [info] > git config --get commit.template [103ms]
2023-08-20 23:58:47.575 [info] > git rev-parse --show-toplevel [253ms]
2023-08-20 23:58:47.717 [info] > git for-each-ref --format=%(refname)%00%(upstream:short)%00%(objectname)%00%(upstream:track)%00%(upstream:remotename)%00%(upstream:remoteref) refs/heads/master refs/remotes/master [30ms]
2023-08-20 23:58:48.011 [info] > git status -z -uall [274ms]
2023-08-20 23:58:48.011 [info] > git check-ignore -v -z --stdin [244ms]
2023-08-20 23:58:48.088 [info] > git fetch [1371ms]
2023-08-20 23:58:48.162 [info] > git config --get commit.template [74ms]
2023-08-20 23:58:48.162 [info] > git rev-parse --show-toplevel [93ms]
2023-08-20 23:58:48.254 [info] > git config --get commit.template [100ms]
2023-08-20 23:58:48.295 [info] > git for-each-ref --format=%(refname)%00%(upstream:short)%00%(objectname)%00%(upstream:track)%00%(upstream:remotename)%00%(upstream:remoteref) refs/heads/master refs/remotes/master [47ms]
2023-08-20 23:58:48.319 [info] > git for-each-ref --format=%(refname)%00%(upstream:short)%00%(objectname)%00%(upstream:track)%00%(upstream:remotename)%00%(upstream:remoteref) refs/heads/master refs/remotes/master [26ms]
2023-08-20 23:58:48.344 [info] > git rev-parse --show-toplevel [28ms]
2023-08-20 23:58:48.368 [info] > git status -z -uall [29ms]
2023-08-20 23:58:48.379 [info] > git rev-parse --show-toplevel [13ms]
2023-08-20 23:58:50.345 [info] > git config --local branch.master.github-pr-owner-number [176ms]
2023-08-20 23:58:50.547 [info] > git show --textconv :home/4/styles/style.css [83ms]
2023-08-20 23:58:50.548 [info] > git ls-files --stage -- /home/eirik/Development/tapawingo.github.io/home/4/styles/style.css [48ms]
2023-08-20 23:58:50.571 [info] > git config --get commit.template [136ms]
2023-08-20 23:58:50.634 [info] > git cat-file -s bec6c472030d37e8d4051c63510e05ac581d7d6f [68ms]
2023-08-20 23:58:50.673 [info] > git for-each-ref --format=%(refname)%00%(upstream:short)%00%(objectname)%00%(upstream:track)%00%(upstream:remotename)%00%(upstream:remoteref) refs/heads/master refs/remotes/master [13ms]
2023-08-20 23:58:50.746 [info] > git status -z -uall [44ms]
2023-08-20 23:58:57.156 [info] > git log --oneline --cherry master...master@{upstream} -- [13ms]
2023-08-20 23:58:58.406 [info] > git ls-files --stage -- /home/eirik/Development/tapawingo.github.io/home/4/styles/style.css [2ms]
2023-08-20 23:58:58.421 [info] > git cat-file -s bec6c472030d37e8d4051c63510e05ac581d7d6f [3ms]
2023-08-20 23:58:58.439 [info] > git show --textconv :home/4/styles/style.css [3ms]
2023-08-20 23:58:58.517 [info] > git pull --tags origin master [1329ms]
2023-08-20 23:58:58.517 [info] From https://github.com/Tapawingo/tapawingo.github.io
 * branch            master     -> FETCH_HEAD
2023-08-20 23:58:59.705 [info] > git ls-files --stage -- /home/eirik/Development/tapawingo.github.io/home/4/styles/style.css [4ms]
2023-08-20 23:58:59.719 [info] > git cat-file -s bec6c472030d37e8d4051c63510e05ac581d7d6f [1ms]
2023-08-20 23:58:59.739 [info] > git show --textconv :home/4/styles/style.css [4ms]
2023-08-20 23:59:00.293 [info] > git push origin master:master [1760ms]
2023-08-20 23:59:00.293 [info] remote: This repository moved. Please use the new location:        
remote:   https://github.com/Tapawingo/Tapawingo.github.io.git        
To https://github.com/Tapawingo/tapawingo.github.io.git
   2a5a1d9..470e84d  master -> master
2023-08-20 23:59:00.322 [info] > git config --get commit.template [16ms]
2023-08-20 23:59:00.323 [info] > git for-each-ref --format=%(refname)%00%(upstream:short)%00%(objectname)%00%(upstream:track)%00%(upstream:remotename)%00%(upstream:remoteref) refs/heads/master refs/remotes/master [3ms]
2023-08-20 23:59:00.339 [info] > git status -z -uall [4ms]
2023-08-20 23:59:00.491 [info] > git config --local branch.master.github-pr-owner-number [84ms]
2023-08-20 23:59:00.529 [info] > git config --get commit.template [20ms]
2023-08-20 23:59:00.529 [info] > git for-each-ref --format=%(refname)%00%(upstream:short)%00%(objectname)%00%(upstream:track)%00%(upstream:remotename)%00%(upstream:remoteref) refs/heads/master refs/remotes/master [6ms]
2023-08-20 23:59:00.546 [info] > git status -z -uall [4ms]
2023-08-20 23:59:01.607 [info] > git ls-files --stage -- /home/eirik/Development/tapawingo.github.io/home/4/styles/style.css [1ms]
2023-08-20 23:59:01.618 [info] > git cat-file -s bec6c472030d37e8d4051c63510e05ac581d7d6f [2ms]
2023-08-20 23:59:01.632 [info] > git show --textconv :home/4/styles/style.css [2ms]
