2023-08-20 23:20:46.571 [info] Log level: Info
2023-08-20 23:20:46.571 [info] Validating found git in: "git"
2023-08-20 23:20:46.571 [info] Using git "2.41.0" from "git"
2023-08-20 23:20:46.571 [info] > git rev-parse --show-toplevel [122ms]
2023-08-20 23:20:46.575 [info] > git rev-parse --git-dir --git-common-dir [18ms]
2023-08-20 23:20:46.601 [info] Open repository: /home/eirik/Development/tapawingo.github.io
2023-08-20 23:20:46.628 [info] > git config --get commit.template [14ms]
2023-08-20 23:20:46.643 [info] > git rev-parse --show-toplevel [17ms]
2023-08-20 23:20:46.656 [info] > git for-each-ref --format=%(refname)%00%(upstream:short)%00%(objectname)%00%(upstream:track)%00%(upstream:remotename)%00%(upstream:remoteref) refs/heads/master refs/remotes/master [16ms]
2023-08-20 23:20:46.670 [info] > git rev-parse --show-toplevel [15ms]
2023-08-20 23:20:46.684 [info] > git status -z -uall [15ms]
2023-08-20 23:20:46.717 [info] > git config --local branch.master.github-pr-owner-number [13ms]
2023-08-20 23:20:46.718 [info] > git rev-parse --show-toplevel [35ms]
2023-08-20 23:20:46.735 [info] > git config --get commit.template [19ms]
2023-08-20 23:20:46.737 [info] > git config --get commit.template [3ms]
2023-08-20 23:20:46.763 [info] > git for-each-ref --format=%(refname)%00%(upstream:short)%00%(objectname)%00%(upstream:track)%00%(upstream:remotename)%00%(upstream:remoteref) refs/heads/master refs/remotes/master [17ms]
2023-08-20 23:20:46.767 [info] > git for-each-ref --format=%(refname)%00%(upstream:short)%00%(objectname)%00%(upstream:track)%00%(upstream:remotename)%00%(upstream:remoteref) refs/heads/master refs/remotes/master [12ms]
2023-08-20 23:20:46.782 [info] > git status -z -uall [5ms]
2023-08-20 23:20:47.079 [info] > git config --local branch.master.github-pr-owner-number [2ms]
2023-08-20 23:20:47.095 [info] > git config --get commit.template [9ms]
2023-08-20 23:20:47.096 [info] > git for-each-ref --format=%(refname)%00%(upstream:short)%00%(objectname)%00%(upstream:track)%00%(upstream:remotename)%00%(upstream:remoteref) refs/heads/master refs/remotes/master [2ms]
2023-08-20 23:20:47.105 [info] > git status -z -uall [2ms]
2023-08-20 23:20:47.476 [info] > git check-ignore -v -z --stdin [2ms]
2023-08-20 23:20:50.092 [info] > git show --textconv :index.html [35ms]
2023-08-20 23:20:50.100 [info] > git ls-files --stage -- /home/eirik/Development/tapawingo.github.io/index.html [29ms]
2023-08-20 23:20:50.142 [info] > git cat-file -s 7b936e62bde63b842b7b2be550eed9369e90e0a3 [24ms]
2023-08-20 23:21:00.909 [info] > git config --get commit.template [7ms]
2023-08-20 23:21:00.932 [info] > git for-each-ref --format=%(refname)%00%(upstream:short)%00%(objectname)%00%(upstream:track)%00%(upstream:remotename)%00%(upstream:remoteref) refs/heads/master refs/remotes/master [2ms]
2023-08-20 23:21:00.956 [info] > git status -z -uall [7ms]
2023-08-20 23:21:03.635 [info] > git add -A -- /home/eirik/Development/tapawingo.github.io/index.html [2ms]
2023-08-20 23:21:03.656 [info] > git config --get commit.template [8ms]
2023-08-20 23:21:03.656 [info] > git for-each-ref --format=%(refname)%00%(upstream:short)%00%(objectname)%00%(upstream:track)%00%(upstream:remotename)%00%(upstream:remoteref) refs/heads/master refs/remotes/master [2ms]
2023-08-20 23:21:03.665 [info] > git status -z -uall [2ms]
2023-08-20 23:21:04.823 [info] > git ls-files --stage -- /home/eirik/Development/tapawingo.github.io/index.html [2ms]
2023-08-20 23:21:04.831 [info] > git cat-file -s 5559c7d3195b91f418d674ee42fccec3fb26cf1a [2ms]
2023-08-20 23:21:04.841 [info] > git show --textconv :index.html [2ms]
2023-08-20 23:21:05.992 [info] > git config --get commit.template [11ms]
2023-08-20 23:21:05.993 [info] > git for-each-ref --format=%(refname)%00%(upstream:short)%00%(objectname)%00%(upstream:track)%00%(upstream:remotename)%00%(upstream:remoteref) refs/heads/master refs/remotes/master [3ms]
2023-08-20 23:21:06.004 [info] > git status -z -uall [3ms]
2023-08-20 23:21:11.435 [info] > git -c user.useConfigOnly=true commit --quiet --allow-empty-message --file - [4ms]
2023-08-20 23:21:11.448 [info] > git config --get commit.template [2ms]
2023-08-20 23:21:11.465 [info] > git config --get commit.template [2ms]
2023-08-20 23:21:11.481 [info] > git for-each-ref --format=%(refname)%00%(upstream:short)%00%(objectname)%00%(upstream:track)%00%(upstream:remotename)%00%(upstream:remoteref) refs/heads/master refs/remotes/master [5ms]
2023-08-20 23:21:11.504 [info] > git status -z -uall [7ms]
2023-08-20 23:21:11.839 [info] > git config --local branch.master.github-pr-owner-number [2ms]
2023-08-20 23:21:11.898 [info] > git config --get commit.template [29ms]
2023-08-20 23:21:11.911 [info] > git for-each-ref --format=%(refname)%00%(upstream:short)%00%(objectname)%00%(upstream:track)%00%(upstream:remotename)%00%(upstream:remoteref) refs/heads/master refs/remotes/master [15ms]
2023-08-20 23:21:11.944 [info] > git status -z -uall [10ms]
2023-08-20 23:21:14.812 [info] > git ls-files --stage -- /home/eirik/Development/tapawingo.github.io/index.html [6ms]
2023-08-20 23:21:14.863 [info] > git cat-file -s 5559c7d3195b91f418d674ee42fccec3fb26cf1a [10ms]
2023-08-20 23:21:14.972 [info] > git show --textconv :index.html [8ms]
2023-08-20 23:21:31.323 [info] > git remote add upstream https://github.com/savar95x/savar95x.github.io.git [8ms]
2023-08-20 23:21:31.361 [info] > git config --get commit.template [25ms]
2023-08-20 23:21:31.362 [info] > git for-each-ref --format=%(refname)%00%(upstream:short)%00%(objectname)%00%(upstream:track)%00%(upstream:remotename)%00%(upstream:remoteref) refs/heads/master refs/remotes/master [5ms]
2023-08-20 23:21:31.395 [info] > git status -z -uall [14ms]
2023-08-20 23:21:31.586 [info] > git push origin master:master [20034ms]
2023-08-20 23:21:31.587 [info] To https://github.com/Tapawingo/tapawingo.github.io.git
   6ded6b4..a915d69  master -> master
2023-08-20 23:21:31.707 [info] > git config --get commit.template [76ms]
2023-08-20 23:21:31.779 [info] > git for-each-ref --format=%(refname)%00%(upstream:short)%00%(objectname)%00%(upstream:track)%00%(upstream:remotename)%00%(upstream:remoteref) refs/heads/master refs/remotes/master [12ms]
2023-08-20 23:21:31.804 [info] > git status -z -uall [8ms]
2023-08-20 23:21:32.054 [info] > git config --get commit.template [25ms]
2023-08-20 23:21:32.286 [info] > git for-each-ref --format=%(refname)%00%(upstream:short)%00%(objectname)%00%(upstream:track)%00%(upstream:remotename)%00%(upstream:remoteref) refs/heads/master refs/remotes/master [203ms]
2023-08-20 23:21:32.305 [info] > git config --local branch.master.github-pr-owner-number [74ms]
2023-08-20 23:21:32.358 [info] > git status -z -uall [58ms] (cancelled)
2023-08-20 23:21:32.390 [info] > git config --get commit.template [33ms]
2023-08-20 23:21:32.457 [info] > git for-each-ref --format=%(refname)%00%(upstream:short)%00%(objectname)%00%(upstream:track)%00%(upstream:remotename)%00%(upstream:remoteref) refs/heads/master refs/remotes/master [36ms]
2023-08-20 23:21:32.521 [info] > git status -z -uall [13ms]
2023-08-20 23:21:32.841 [info] > git ls-files --stage -- /home/eirik/Development/tapawingo.github.io/index.html [6ms]
2023-08-20 23:21:32.864 [info] > git cat-file -s 5559c7d3195b91f418d674ee42fccec3fb26cf1a [2ms]
2023-08-20 23:21:32.894 [info] > git show --textconv :index.html [2ms]
2023-08-20 23:21:33.161 [info] > git config --local branch.master.github-pr-owner-number [144ms]
2023-08-20 23:21:33.194 [info] > git config --get commit.template [11ms]
2023-08-20 23:21:33.264 [info] > git for-each-ref --format=%(refname)%00%(upstream:short)%00%(objectname)%00%(upstream:track)%00%(upstream:remotename)%00%(upstream:remoteref) refs/heads/master refs/remotes/master [21ms]
2023-08-20 23:21:33.294 [info] > git status -z -uall [3ms]
2023-08-20 23:21:33.927 [info] > git config --local branch.master.github-pr-owner-number [204ms]
2023-08-20 23:21:33.962 [info] > git config --get commit.template [12ms]
2023-08-20 23:21:34.038 [info] > git for-each-ref --format=%(refname)%00%(upstream:short)%00%(objectname)%00%(upstream:track)%00%(upstream:remotename)%00%(upstream:remoteref) refs/heads/master refs/remotes/master [27ms]
2023-08-20 23:21:34.065 [info] > git status -z -uall [3ms]
2023-08-20 23:21:38.616 [info] > git fetch [417ms]
2023-08-20 23:21:38.635 [info] > git config --get commit.template [10ms]
2023-08-20 23:21:38.636 [info] > git for-each-ref --format=%(refname)%00%(upstream:short)%00%(objectname)%00%(upstream:track)%00%(upstream:remotename)%00%(upstream:remoteref) refs/heads/master refs/remotes/master [2ms]
2023-08-20 23:21:38.647 [info] > git status -z -uall [2ms]
2023-08-20 23:21:39.766 [info] > git config --get commit.template [14ms]
2023-08-20 23:21:39.767 [info] > git for-each-ref --format=%(refname)%00%(upstream:short)%00%(objectname)%00%(upstream:track)%00%(upstream:remotename)%00%(upstream:remoteref) refs/heads/master refs/remotes/master [2ms]
2023-08-20 23:21:39.782 [info] > git status -z -uall [1ms]
2023-08-20 23:21:39.868 [info] > git ls-files --stage -- /home/eirik/Development/tapawingo.github.io/index.html [1ms]
2023-08-20 23:21:39.895 [info] > git cat-file -s 5559c7d3195b91f418d674ee42fccec3fb26cf1a [4ms]
2023-08-20 23:21:39.920 [info] > git show --textconv :index.html [5ms]
2023-08-20 23:24:29.458 [info] > git check-ignore -v -z --stdin [1ms]
2023-08-20 23:24:31.653 [info] > git check-ignore -v -z --stdin [1ms]
2023-08-20 23:24:33.981 [info] > git show --textconv :home/4/index.html [53ms]
2023-08-20 23:24:33.991 [info] > git ls-files --stage -- /home/eirik/Development/tapawingo.github.io/home/4/index.html [11ms]
2023-08-20 23:24:34.023 [info] > git cat-file -s e84eb0dd39dec750b71c9c58d0d9296b196de48b [2ms]
2023-08-20 23:24:39.060 [info] > git fetch [399ms]
2023-08-20 23:24:39.082 [info] > git config --get commit.template [10ms]
2023-08-20 23:24:39.083 [info] > git for-each-ref --format=%(refname)%00%(upstream:short)%00%(objectname)%00%(upstream:track)%00%(upstream:remotename)%00%(upstream:remoteref) refs/heads/master refs/remotes/master [2ms]
2023-08-20 23:24:39.094 [info] > git status -z -uall [2ms]
2023-08-20 23:24:40.201 [info] > git config --get commit.template [11ms]
2023-08-20 23:24:40.202 [info] > git for-each-ref --format=%(refname)%00%(upstream:short)%00%(objectname)%00%(upstream:track)%00%(upstream:remotename)%00%(upstream:remoteref) refs/heads/master refs/remotes/master [2ms]
2023-08-20 23:24:40.214 [info] > git status -z -uall [3ms]
2023-08-20 23:24:40.305 [info] > git ls-files --stage -- /home/eirik/Development/tapawingo.github.io/index.html [13ms]
2023-08-20 23:24:40.315 [info] > git ls-files --stage -- /home/eirik/Development/tapawingo.github.io/home/4/index.html [11ms]
2023-08-20 23:24:40.325 [info] > git cat-file -s 5559c7d3195b91f418d674ee42fccec3fb26cf1a [11ms]
2023-08-20 23:24:40.326 [info] > git cat-file -s e84eb0dd39dec750b71c9c58d0d9296b196de48b [2ms]
2023-08-20 23:24:40.348 [info] > git show --textconv :index.html [12ms]
2023-08-20 23:24:40.349 [info] > git show --textconv :home/4/index.html [2ms]
2023-08-20 23:25:38.466 [info] > git config --get commit.template [14ms]
2023-08-20 23:25:38.467 [info] > git for-each-ref --format=%(refname)%00%(upstream:short)%00%(objectname)%00%(upstream:track)%00%(upstream:remotename)%00%(upstream:remoteref) refs/heads/master refs/remotes/master [1ms]
2023-08-20 23:25:38.478 [info] > git status -z -uall [1ms]
2023-08-20 23:25:46.619 [info] > git config --local branch.master.github-pr-owner-number [3ms]
2023-08-20 23:25:46.636 [info] > git config --get commit.template [1ms]
2023-08-20 23:25:46.651 [info] > git for-each-ref --format=%(refname)%00%(upstream:short)%00%(objectname)%00%(upstream:track)%00%(upstream:remotename)%00%(upstream:remoteref) refs/heads/master refs/remotes/master [3ms]
2023-08-20 23:25:46.663 [info] > git status -z -uall [2ms]
2023-08-20 23:25:56.683 [info] > git config --get commit.template [11ms]
2023-08-20 23:25:56.684 [info] > git for-each-ref --format=%(refname)%00%(upstream:short)%00%(objectname)%00%(upstream:track)%00%(upstream:remotename)%00%(upstream:remoteref) refs/heads/master refs/remotes/master [1ms]
2023-08-20 23:25:56.694 [info] > git status -z -uall [2ms]
2023-08-20 23:25:59.314 [info] > git check-ignore -v -z --stdin [1ms]
2023-08-20 23:26:01.491 [info] > git check-ignore -v -z --stdin [2ms]
2023-08-20 23:26:05.098 [info] > git show --textconv :home/4/styles/style.css [19ms]
2023-08-20 23:26:05.102 [info] > git ls-files --stage -- /home/eirik/Development/tapawingo.github.io/home/4/styles/style.css [6ms]
2023-08-20 23:26:05.119 [info] > git cat-file -s 5eec328969ef6b4a22cab38c8c8ccaf531484695 [3ms]
2023-08-20 23:27:52.761 [info] > git fetch [637ms]
2023-08-20 23:27:52.793 [info] > git config --get commit.template [16ms]
2023-08-20 23:27:52.796 [info] > git for-each-ref --format=%(refname)%00%(upstream:short)%00%(objectname)%00%(upstream:track)%00%(upstream:remotename)%00%(upstream:remoteref) refs/heads/master refs/remotes/master [4ms]
2023-08-20 23:27:52.816 [info] > git status -z -uall [6ms]
2023-08-20 23:28:17.140 [info] > git config --get commit.template [3ms]
2023-08-20 23:28:17.157 [info] > git for-each-ref --format=%(refname)%00%(upstream:short)%00%(objectname)%00%(upstream:track)%00%(upstream:remotename)%00%(upstream:remoteref) refs/heads/master refs/remotes/master [6ms]
2023-08-20 23:28:17.232 [info] > git status -z -uall [55ms]
2023-08-20 23:28:17.233 [info] > git ls-files --stage -- /home/eirik/Development/tapawingo.github.io/home/4/index.html [23ms]
2023-08-20 23:28:17.246 [info] > git ls-files --stage -- /home/eirik/Development/tapawingo.github.io/index.html [50ms]
2023-08-20 23:28:17.280 [info] > git cat-file -s 5559c7d3195b91f418d674ee42fccec3fb26cf1a [12ms]
2023-08-20 23:28:17.281 [info] > git cat-file -s e84eb0dd39dec750b71c9c58d0d9296b196de48b [35ms]
2023-08-20 23:28:17.282 [info] > git ls-files --stage -- /home/eirik/Development/tapawingo.github.io/home/4/styles/style.css [50ms]
2023-08-20 23:28:17.353 [info] > git show --textconv :index.html [27ms]
2023-08-20 23:28:17.354 [info] > git cat-file -s 5eec328969ef6b4a22cab38c8c8ccaf531484695 [53ms]
2023-08-20 23:28:17.363 [info] > git show --textconv :home/4/index.html [15ms]
2023-08-20 23:28:17.403 [info] > git show --textconv :home/4/styles/style.css [5ms]
2023-08-20 23:29:12.837 [info] > git config --get commit.template [18ms]
2023-08-20 23:29:12.838 [info] > git for-each-ref --format=%(refname)%00%(upstream:short)%00%(objectname)%00%(upstream:track)%00%(upstream:remotename)%00%(upstream:remoteref) refs/heads/master refs/remotes/master [3ms]
2023-08-20 23:29:12.860 [info] > git status -z -uall [5ms]
2023-08-20 23:29:16.517 [info] > git add -A -- /home/eirik/Development/tapawingo.github.io/home/4/index.html /home/eirik/Development/tapawingo.github.io/home/4/styles/style.css [2ms]
2023-08-20 23:29:16.537 [info] > git config --get commit.template [10ms]
2023-08-20 23:29:16.538 [info] > git for-each-ref --format=%(refname)%00%(upstream:short)%00%(objectname)%00%(upstream:track)%00%(upstream:remotename)%00%(upstream:remoteref) refs/heads/master refs/remotes/master [2ms]
2023-08-20 23:29:16.548 [info] > git status -z -uall [2ms]
2023-08-20 23:29:17.733 [info] > git ls-files --stage -- /home/eirik/Development/tapawingo.github.io/home/4/index.html [14ms]
2023-08-20 23:29:17.745 [info] > git ls-files --stage -- /home/eirik/Development/tapawingo.github.io/index.html [34ms]
2023-08-20 23:29:17.756 [info] > git cat-file -s c6a5c229cfa427cafde94fc16d0afca2744a45c7 [11ms]
2023-08-20 23:29:17.756 [info] > git ls-files --stage -- /home/eirik/Development/tapawingo.github.io/home/4/styles/style.css [24ms]
2023-08-20 23:29:17.767 [info] > git cat-file -s 5559c7d3195b91f418d674ee42fccec3fb26cf1a [13ms]
2023-08-20 23:29:17.782 [info] > git show --textconv :home/4/index.html [3ms]
2023-08-20 23:29:17.782 [info] > git cat-file -s cd0d658cd11ed5b2c615a9f3d7bf71347b5ca60b [16ms]
2023-08-20 23:29:17.806 [info] > git show --textconv :index.html [11ms]
2023-08-20 23:29:17.806 [info] > git show --textconv :home/4/styles/style.css [2ms]
2023-08-20 23:29:17.889 [info] > git config --get commit.template [9ms]
2023-08-20 23:29:17.890 [info] > git for-each-ref --format=%(refname)%00%(upstream:short)%00%(objectname)%00%(upstream:track)%00%(upstream:remotename)%00%(upstream:remoteref) refs/heads/master refs/remotes/master [3ms]
2023-08-20 23:29:17.902 [info] > git status -z -uall [2ms]
2023-08-20 23:29:25.196 [info] > git -c user.useConfigOnly=true commit --quiet --allow-empty-message --file - [8ms]
2023-08-20 23:29:25.209 [info] > git config --get commit.template [2ms]
2023-08-20 23:29:25.226 [info] > git config --get commit.template [4ms]
2023-08-20 23:29:25.246 [info] > git for-each-ref --format=%(refname)%00%(upstream:short)%00%(objectname)%00%(upstream:track)%00%(upstream:remotename)%00%(upstream:remoteref) refs/heads/master refs/remotes/master [7ms]
2023-08-20 23:29:25.275 [info] > git status -z -uall [6ms]
2023-08-20 23:29:25.639 [info] > git config --local branch.master.github-pr-owner-number [11ms]
2023-08-20 23:29:25.684 [info] > git config --get commit.template [4ms]
2023-08-20 23:29:25.714 [info] > git for-each-ref --format=%(refname)%00%(upstream:short)%00%(objectname)%00%(upstream:track)%00%(upstream:remotename)%00%(upstream:remoteref) refs/heads/master refs/remotes/master [3ms]
2023-08-20 23:29:25.746 [info] > git status -z -uall [8ms]
2023-08-20 23:29:27.365 [info] > git push origin master:master [2041ms]
2023-08-20 23:29:27.365 [info] remote: This repository moved. Please use the new location:        
remote:   https://github.com/Tapawingo/Tapawingo.github.io.git        
To https://github.com/Tapawingo/tapawingo.github.io.git
   a915d69..28f617d  master -> master
2023-08-20 23:29:27.405 [info] > git config --get commit.template [21ms]
2023-08-20 23:29:27.406 [info] > git for-each-ref --format=%(refname)%00%(upstream:short)%00%(objectname)%00%(upstream:track)%00%(upstream:remotename)%00%(upstream:remoteref) refs/heads/master refs/remotes/master [5ms]
2023-08-20 23:29:27.430 [info] > git status -z -uall [6ms]
2023-08-20 23:29:27.677 [info] > git config --local branch.master.github-pr-owner-number [147ms]
2023-08-20 23:29:27.769 [info] > git config --get commit.template [17ms]
2023-08-20 23:29:27.770 [info] > git config --get commit.template [47ms]
2023-08-20 23:29:27.863 [info] > git for-each-ref --format=%(refname)%00%(upstream:short)%00%(objectname)%00%(upstream:track)%00%(upstream:remotename)%00%(upstream:remoteref) refs/heads/master refs/remotes/master [68ms]
2023-08-20 23:29:27.943 [info] > git for-each-ref --format=%(refname)%00%(upstream:short)%00%(objectname)%00%(upstream:track)%00%(upstream:remotename)%00%(upstream:remoteref) refs/heads/master refs/remotes/master [112ms]
2023-08-20 23:29:27.967 [info] > git status -z -uall [6ms]
2023-08-20 23:30:04.486 [info] > git ls-files --stage -- /home/eirik/Development/tapawingo.github.io/home/4/index.html [20ms]
2023-08-20 23:30:04.498 [info] > git ls-files --stage -- /home/eirik/Development/tapawingo.github.io/index.html [55ms]
2023-08-20 23:30:04.515 [info] > git cat-file -s c6a5c229cfa427cafde94fc16d0afca2744a45c7 [17ms]
2023-08-20 23:30:04.515 [info] > git ls-files --stage -- /home/eirik/Development/tapawingo.github.io/home/4/styles/style.css [31ms]
2023-08-20 23:30:04.530 [info] > git cat-file -s 5559c7d3195b91f418d674ee42fccec3fb26cf1a [16ms]
2023-08-20 23:30:04.546 [info] > git cat-file -s cd0d658cd11ed5b2c615a9f3d7bf71347b5ca60b [17ms]
2023-08-20 23:30:04.547 [info] > git show --textconv :home/4/index.html [2ms]
2023-08-20 23:30:04.575 [info] > git show --textconv :index.html [13ms]
2023-08-20 23:30:04.576 [info] > git show --textconv :home/4/styles/style.css [3ms]
2023-08-20 23:30:46.689 [info] > git config --local branch.master.github-pr-owner-number [2ms]
2023-08-20 23:30:46.716 [info] > git config --get commit.template [11ms]
2023-08-20 23:30:46.717 [info] > git for-each-ref --format=%(refname)%00%(upstream:short)%00%(objectname)%00%(upstream:track)%00%(upstream:remotename)%00%(upstream:remoteref) refs/heads/master refs/remotes/master [2ms]
2023-08-20 23:30:46.740 [info] > git status -z -uall [3ms]
2023-08-20 23:31:16.318 [info] > git fetch [409ms]
2023-08-20 23:31:16.336 [info] > git config --get commit.template [10ms]
2023-08-20 23:31:16.337 [info] > git for-each-ref --format=%(refname)%00%(upstream:short)%00%(objectname)%00%(upstream:track)%00%(upstream:remotename)%00%(upstream:remoteref) refs/heads/master refs/remotes/master [2ms]
2023-08-20 23:31:16.347 [info] > git status -z -uall [2ms]
2023-08-20 23:31:17.469 [info] > git config --get commit.template [12ms]
2023-08-20 23:31:17.471 [info] > git for-each-ref --format=%(refname)%00%(upstream:short)%00%(objectname)%00%(upstream:track)%00%(upstream:remotename)%00%(upstream:remoteref) refs/heads/master refs/remotes/master [4ms]
2023-08-20 23:31:17.487 [info] > git status -z -uall [5ms]
2023-08-20 23:31:17.602 [info] > git ls-files --stage -- /home/eirik/Development/tapawingo.github.io/home/4/index.html [21ms]
2023-08-20 23:31:17.618 [info] > git ls-files --stage -- /home/eirik/Development/tapawingo.github.io/index.html [55ms]
2023-08-20 23:31:17.636 [info] > git cat-file -s c6a5c229cfa427cafde94fc16d0afca2744a45c7 [19ms]
2023-08-20 23:31:17.638 [info] > git ls-files --stage -- /home/eirik/Development/tapawingo.github.io/home/4/styles/style.css [40ms]
2023-08-20 23:31:17.658 [info] > git cat-file -s 5559c7d3195b91f418d674ee42fccec3fb26cf1a [24ms]
2023-08-20 23:31:17.680 [info] > git cat-file -s cd0d658cd11ed5b2c615a9f3d7bf71347b5ca60b [25ms]
2023-08-20 23:31:17.703 [info] > git show --textconv :home/4/index.html [25ms]
2023-08-20 23:31:17.725 [info] > git show --textconv :index.html [22ms]
2023-08-20 23:31:17.725 [info] > git show --textconv :home/4/styles/style.css [3ms]
2023-08-20 23:32:44.254 [info] > git config --get commit.template [32ms]
2023-08-20 23:32:44.256 [info] > git for-each-ref --format=%(refname)%00%(upstream:short)%00%(objectname)%00%(upstream:track)%00%(upstream:remotename)%00%(upstream:remoteref) refs/heads/master refs/remotes/master [3ms]
2023-08-20 23:32:44.281 [info] > git status -z -uall [5ms]
2023-08-20 23:32:49.323 [info] > git config --get commit.template [10ms]
2023-08-20 23:32:49.325 [info] > git for-each-ref --format=%(refname)%00%(upstream:short)%00%(objectname)%00%(upstream:track)%00%(upstream:remotename)%00%(upstream:remoteref) refs/heads/master refs/remotes/master [3ms]
2023-08-20 23:32:49.343 [info] > git status -z -uall [5ms]
2023-08-20 23:34:16.774 [info] > git fetch [415ms]
2023-08-20 23:34:16.792 [info] > git config --get commit.template [9ms]
2023-08-20 23:34:16.793 [info] > git for-each-ref --format=%(refname)%00%(upstream:short)%00%(objectname)%00%(upstream:track)%00%(upstream:remotename)%00%(upstream:remoteref) refs/heads/master refs/remotes/master [3ms]
2023-08-20 23:34:16.807 [info] > git status -z -uall [3ms]
2023-08-20 23:34:17.912 [info] > git config --get commit.template [3ms]
2023-08-20 23:34:17.925 [info] > git for-each-ref --format=%(refname)%00%(upstream:short)%00%(objectname)%00%(upstream:track)%00%(upstream:remotename)%00%(upstream:remoteref) refs/heads/master refs/remotes/master [2ms]
2023-08-20 23:34:17.941 [info] > git status -z -uall [4ms]
2023-08-20 23:34:18.019 [info] > git ls-files --stage -- /home/eirik/Development/tapawingo.github.io/home/4/index.html [2ms]
2023-08-20 23:34:18.046 [info] > git cat-file -s c6a5c229cfa427cafde94fc16d0afca2744a45c7 [8ms]
2023-08-20 23:34:18.078 [info] > git show --textconv :home/4/index.html [6ms]
2023-08-20 23:35:46.752 [info] > git config --local branch.master.github-pr-owner-number [1ms]
2023-08-20 23:35:46.770 [info] > git config --get commit.template [9ms]
2023-08-20 23:35:46.770 [info] > git for-each-ref --format=%(refname)%00%(upstream:short)%00%(objectname)%00%(upstream:track)%00%(upstream:remotename)%00%(upstream:remoteref) refs/heads/master refs/remotes/master [2ms]
2023-08-20 23:35:46.780 [info] > git status -z -uall [2ms]
2023-08-20 23:37:17.275 [info] > git fetch [422ms]
2023-08-20 23:37:17.295 [info] > git config --get commit.template [11ms]
2023-08-20 23:37:17.296 [info] > git for-each-ref --format=%(refname)%00%(upstream:short)%00%(objectname)%00%(upstream:track)%00%(upstream:remotename)%00%(upstream:remoteref) refs/heads/master refs/remotes/master [1ms]
2023-08-20 23:37:17.305 [info] > git status -z -uall [2ms]
2023-08-20 23:37:18.421 [info] > git config --get commit.template [10ms]
2023-08-20 23:37:18.422 [info] > git for-each-ref --format=%(refname)%00%(upstream:short)%00%(objectname)%00%(upstream:track)%00%(upstream:remotename)%00%(upstream:remoteref) refs/heads/master refs/remotes/master [2ms]
2023-08-20 23:37:18.434 [info] > git status -z -uall [3ms]
2023-08-20 23:37:18.513 [info] > git ls-files --stage -- /home/eirik/Development/tapawingo.github.io/home/4/index.html [1ms]
2023-08-20 23:37:18.525 [info] > git cat-file -s c6a5c229cfa427cafde94fc16d0afca2744a45c7 [2ms]
2023-08-20 23:37:18.545 [info] > git show --textconv :home/4/index.html [3ms]
2023-08-20 23:38:05.117 [info] > git config --get commit.template [9ms]
2023-08-20 23:38:05.118 [info] > git for-each-ref --format=%(refname)%00%(upstream:short)%00%(objectname)%00%(upstream:track)%00%(upstream:remotename)%00%(upstream:remoteref) refs/heads/master refs/remotes/master [2ms]
2023-08-20 23:38:05.127 [info] > git status -z -uall [2ms]
2023-08-20 23:38:43.484 [info] > git config --get commit.template [12ms]
2023-08-20 23:38:43.485 [info] > git for-each-ref --format=%(refname)%00%(upstream:short)%00%(objectname)%00%(upstream:track)%00%(upstream:remotename)%00%(upstream:remoteref) refs/heads/master refs/remotes/master [2ms]
2023-08-20 23:38:43.496 [info] > git status -z -uall [2ms]
2023-08-20 23:38:51.489 [info] > git add -A -- /home/eirik/Development/tapawingo.github.io/home/4/index.html /home/eirik/Development/tapawingo.github.io/home/4/styles/style.css [3ms]
2023-08-20 23:38:51.512 [info] > git config --get commit.template [9ms]
2023-08-20 23:38:51.512 [info] > git for-each-ref --format=%(refname)%00%(upstream:short)%00%(objectname)%00%(upstream:track)%00%(upstream:remotename)%00%(upstream:remoteref) refs/heads/master refs/remotes/master [2ms]
2023-08-20 23:38:51.523 [info] > git status -z -uall [3ms]
2023-08-20 23:38:52.581 [info] > git config --get commit.template [2ms]
2023-08-20 23:38:52.600 [info] > git for-each-ref --format=%(refname)%00%(upstream:short)%00%(objectname)%00%(upstream:track)%00%(upstream:remotename)%00%(upstream:remoteref) refs/heads/master refs/remotes/master [2ms]
2023-08-20 23:38:52.610 [info] > git status -z -uall [2ms]
2023-08-20 23:38:52.701 [info] > git ls-files --stage -- /home/eirik/Development/tapawingo.github.io/home/4/index.html [2ms]
2023-08-20 23:38:52.721 [info] > git cat-file -s b0e4ada8183bf2b0aa75f7205187f1f0a5f5884e [6ms]
2023-08-20 23:38:52.756 [info] > git show --textconv :home/4/index.html [2ms]
2023-08-20 23:39:05.389 [info] > git -c user.useConfigOnly=true commit --quiet --allow-empty-message --file - [13ms]
2023-08-20 23:39:05.401 [info] > git config --get commit.template [1ms]
2023-08-20 23:39:05.417 [info] > git config --get commit.template [3ms]
2023-08-20 23:39:05.433 [info] > git for-each-ref --format=%(refname)%00%(upstream:short)%00%(objectname)%00%(upstream:track)%00%(upstream:remotename)%00%(upstream:remoteref) refs/heads/master refs/remotes/master [2ms]
2023-08-20 23:39:05.456 [info] > git status -z -uall [7ms]
2023-08-20 23:39:05.830 [info] > git config --local branch.master.github-pr-owner-number [30ms]
2023-08-20 23:39:05.905 [info] > git config --get commit.template [37ms]
2023-08-20 23:39:05.912 [info] > git for-each-ref --format=%(refname)%00%(upstream:short)%00%(objectname)%00%(upstream:track)%00%(upstream:remotename)%00%(upstream:remoteref) refs/heads/master refs/remotes/master [7ms]
2023-08-20 23:39:05.967 [info] > git status -z -uall [26ms]
2023-08-20 23:39:07.280 [info] > git push origin master:master [1772ms]
2023-08-20 23:39:07.280 [info] remote: This repository moved. Please use the new location:        
remote:   https://github.com/Tapawingo/Tapawingo.github.io.git        
To https://github.com/Tapawingo/tapawingo.github.io.git
   28f617d..8df5e7c  master -> master
2023-08-20 23:39:07.329 [info] > git config --get commit.template [25ms]
2023-08-20 23:39:07.331 [info] > git for-each-ref --format=%(refname)%00%(upstream:short)%00%(objectname)%00%(upstream:track)%00%(upstream:remotename)%00%(upstream:remoteref) refs/heads/master refs/remotes/master [6ms]
2023-08-20 23:39:07.351 [info] > git status -z -uall [10ms]
2023-08-20 23:39:07.791 [info] > git config --local branch.master.github-pr-owner-number [300ms]
2023-08-20 23:39:07.822 [info] > git config --get commit.template [32ms]
2023-08-20 23:39:07.823 [info] > git config --get commit.template [5ms]
2023-08-20 23:39:07.892 [info] > git for-each-ref --format=%(refname)%00%(upstream:short)%00%(objectname)%00%(upstream:track)%00%(upstream:remotename)%00%(upstream:remoteref) refs/heads/master refs/remotes/master [26ms]
2023-08-20 23:39:07.922 [info] > git for-each-ref --format=%(refname)%00%(upstream:short)%00%(objectname)%00%(upstream:track)%00%(upstream:remotename)%00%(upstream:remoteref) refs/heads/master refs/remotes/master [79ms]
2023-08-20 23:39:07.934 [info] > git status -z -uall [13ms]
2023-08-20 23:40:46.795 [info] > git config --local branch.master.github-pr-owner-number [2ms]
2023-08-20 23:40:46.819 [info] > git config --get commit.template [11ms]
2023-08-20 23:40:46.819 [info] > git for-each-ref --format=%(refname)%00%(upstream:short)%00%(objectname)%00%(upstream:track)%00%(upstream:remotename)%00%(upstream:remoteref) refs/heads/master refs/remotes/master [2ms]
2023-08-20 23:40:46.830 [info] > git status -z -uall [3ms]
2023-08-20 23:40:57.540 [info] > git ls-files --stage -- /home/eirik/Development/tapawingo.github.io/home/4/index.html [3ms]
2023-08-20 23:40:57.554 [info] > git cat-file -s b0e4ada8183bf2b0aa75f7205187f1f0a5f5884e [2ms]
2023-08-20 23:40:57.570 [info] > git show --textconv :home/4/index.html [2ms]
2023-08-20 23:40:57.926 [info] > git fetch [407ms]
2023-08-20 23:40:57.943 [info] > git config --get commit.template [9ms]
2023-08-20 23:40:57.944 [info] > git for-each-ref --format=%(refname)%00%(upstream:short)%00%(objectname)%00%(upstream:track)%00%(upstream:remotename)%00%(upstream:remoteref) refs/heads/master refs/remotes/master [2ms]
2023-08-20 23:40:57.953 [info] > git status -z -uall [2ms]
2023-08-20 23:41:34.221 [info] > git show --textconv :home/4/styles/style.css [18ms]
2023-08-20 23:41:34.223 [info] > git ls-files --stage -- /home/eirik/Development/tapawingo.github.io/home/4/styles/style.css [3ms]
2023-08-20 23:41:34.234 [info] > git cat-file -s 3e1cfdaa37bbd000898e148527407236af609648 [1ms]
2023-08-20 23:41:35.048 [info] > git show --textconv :home/4/.gitlab-ci.yml [14ms]
2023-08-20 23:41:35.050 [info] > git ls-files --stage -- /home/eirik/Development/tapawingo.github.io/home/4/.gitlab-ci.yml [2ms]
2023-08-20 23:41:35.071 [info] > git cat-file -s 4fcedfa0c0907d0358be038732b666908ee67f8f [6ms]
2023-08-20 23:41:44.763 [info] > git show --textconv :home/4/styles/style.css [18ms]
2023-08-20 23:41:44.766 [info] > git ls-files --stage -- /home/eirik/Development/tapawingo.github.io/home/4/styles/style.css [3ms]
2023-08-20 23:41:44.787 [info] > git cat-file -s 3e1cfdaa37bbd000898e148527407236af609648 [1ms]
2023-08-20 23:41:48.076 [info] > git check-ignore -v -z --stdin [1ms]
2023-08-20 23:41:56.362 [info] > git ls-files --stage -- /home/eirik/Development/tapawingo.github.io/home/4/index.html [39ms]
2023-08-20 23:41:56.383 [info] > git config --get commit.template [93ms]
2023-08-20 23:41:56.387 [info] > git ls-files --stage -- /home/eirik/Development/tapawingo.github.io/home/4/styles/style.css [26ms]
2023-08-20 23:41:56.429 [info] > git cat-file -s b0e4ada8183bf2b0aa75f7205187f1f0a5f5884e [46ms]
2023-08-20 23:41:56.439 [info] > git for-each-ref --format=%(refname)%00%(upstream:short)%00%(objectname)%00%(upstream:track)%00%(upstream:remotename)%00%(upstream:remoteref) refs/heads/master refs/remotes/master [11ms]
2023-08-20 23:41:56.459 [info] > git cat-file -s 3e1cfdaa37bbd000898e148527407236af609648 [55ms]
2023-08-20 23:41:56.490 [info] > git status -z -uall [32ms]
2023-08-20 23:41:56.527 [info] > git show --textconv :home/4/index.html [38ms]
2023-08-20 23:41:56.533 [info] > git show --textconv :home/4/styles/style.css [6ms]
2023-08-20 23:44:31.528 [info] > git fetch [608ms]
2023-08-20 23:44:31.551 [info] > git config --get commit.template [11ms]
2023-08-20 23:44:31.552 [info] > git for-each-ref --format=%(refname)%00%(upstream:short)%00%(objectname)%00%(upstream:track)%00%(upstream:remotename)%00%(upstream:remoteref) refs/heads/master refs/remotes/master [2ms]
2023-08-20 23:44:31.573 [info] > git status -z -uall [4ms]
2023-08-20 23:45:39.059 [info] > git ls-files --stage -- /home/eirik/Development/tapawingo.github.io/home/4/index.html [35ms]
2023-08-20 23:45:39.083 [info] > git config --get commit.template [90ms]
2023-08-20 23:45:39.114 [info] > git ls-files --stage -- /home/eirik/Development/tapawingo.github.io/home/4/styles/style.css [61ms]
2023-08-20 23:45:39.141 [info] > git for-each-ref --format=%(refname)%00%(upstream:short)%00%(objectname)%00%(upstream:track)%00%(upstream:remotename)%00%(upstream:remoteref) refs/heads/master refs/remotes/master [30ms]
2023-08-20 23:45:39.162 [info] > git cat-file -s b0e4ada8183bf2b0aa75f7205187f1f0a5f5884e [80ms]
2023-08-20 23:45:39.168 [info] > git cat-file -s 3e1cfdaa37bbd000898e148527407236af609648 [27ms]
2023-08-20 23:45:39.173 [info] > git status -z -uall [11ms]
2023-08-20 23:45:39.216 [info] > git show --textconv :home/4/index.html [18ms]
2023-08-20 23:45:39.226 [info] > git show --textconv :home/4/styles/style.css [10ms]
2023-08-20 23:45:46.843 [info] > git config --local branch.master.github-pr-owner-number [1ms]
2023-08-20 23:45:46.864 [info] > git config --get commit.template [10ms]
2023-08-20 23:45:46.865 [info] > git for-each-ref --format=%(refname)%00%(upstream:short)%00%(objectname)%00%(upstream:track)%00%(upstream:remotename)%00%(upstream:remoteref) refs/heads/master refs/remotes/master [2ms]
2023-08-20 23:45:46.875 [info] > git status -z -uall [2ms]
2023-08-20 23:47:35.445 [info] > git fetch [460ms]
2023-08-20 23:47:35.463 [info] > git config --get commit.template [10ms]
2023-08-20 23:47:35.463 [info] > git for-each-ref --format=%(refname)%00%(upstream:short)%00%(objectname)%00%(upstream:track)%00%(upstream:remotename)%00%(upstream:remoteref) refs/heads/master refs/remotes/master [1ms]
2023-08-20 23:47:35.474 [info] > git status -z -uall [3ms]
2023-08-20 23:48:40.385 [info] > git config --get commit.template [26ms]
2023-08-20 23:48:40.443 [info] > git ls-files --stage -- /home/eirik/Development/tapawingo.github.io/home/4/index.html [32ms]
2023-08-20 23:48:40.470 [info] > git for-each-ref --format=%(refname)%00%(upstream:short)%00%(objectname)%00%(upstream:track)%00%(upstream:remotename)%00%(upstream:remoteref) refs/heads/master refs/remotes/master [88ms]
2023-08-20 23:48:40.492 [info] > git cat-file -s b0e4ada8183bf2b0aa75f7205187f1f0a5f5884e [22ms]
2023-08-20 23:48:40.493 [info] > git ls-files --stage -- /home/eirik/Development/tapawingo.github.io/home/4/styles/style.css [51ms]
2023-08-20 23:48:40.510 [info] > git status -z -uall [20ms]
2023-08-20 23:48:40.527 [info] > git cat-file -s 3e1cfdaa37bbd000898e148527407236af609648 [19ms]
2023-08-20 23:48:40.530 [info] > git show --textconv :home/4/index.html [4ms]
2023-08-20 23:48:40.551 [info] > git show --textconv :home/4/styles/style.css [3ms]
2023-08-20 23:48:50.332 [info] > git config --get commit.template [31ms]
2023-08-20 23:48:50.337 [info] > git for-each-ref --format=%(refname)%00%(upstream:short)%00%(objectname)%00%(upstream:track)%00%(upstream:remotename)%00%(upstream:remoteref) refs/heads/master refs/remotes/master [9ms]
2023-08-20 23:48:50.369 [info] > git status -z -uall [6ms]
2023-08-20 23:49:24.076 [info] > git add -A -- /home/eirik/Development/tapawingo.github.io/home/4/assets/img/image.jpg [11ms]
2023-08-20 23:49:24.098 [info] > git config --get commit.template [12ms]
2023-08-20 23:49:24.098 [info] > git for-each-ref --format=%(refname)%00%(upstream:short)%00%(objectname)%00%(upstream:track)%00%(upstream:remotename)%00%(upstream:remoteref) refs/heads/master refs/remotes/master [2ms]
2023-08-20 23:49:24.108 [info] > git status -z -uall [2ms]
2023-08-20 23:49:25.170 [info] > git config --get commit.template [14ms]
2023-08-20 23:49:25.171 [info] > git for-each-ref --format=%(refname)%00%(upstream:short)%00%(objectname)%00%(upstream:track)%00%(upstream:remotename)%00%(upstream:remoteref) refs/heads/master refs/remotes/master [2ms]
2023-08-20 23:49:25.182 [info] > git status -z -uall [3ms]
2023-08-20 23:49:25.298 [info] > git ls-files --stage -- /home/eirik/Development/tapawingo.github.io/home/4/styles/style.css [6ms]
2023-08-20 23:49:25.313 [info] > git ls-files --stage -- /home/eirik/Development/tapawingo.github.io/home/4/index.html [41ms]
2023-08-20 23:49:25.332 [info] > git cat-file -s 3e1cfdaa37bbd000898e148527407236af609648 [21ms]
2023-08-20 23:49:25.334 [info] > git cat-file -s b0e4ada8183bf2b0aa75f7205187f1f0a5f5884e [2ms]
2023-08-20 23:49:25.382 [info] > git show --textconv :home/4/styles/style.css [26ms]
2023-08-20 23:49:25.385 [info] > git show --textconv :home/4/index.html [5ms]
2023-08-20 23:49:35.567 [info] > git -c user.useConfigOnly=true commit --quiet --allow-empty-message --file - [7ms]
2023-08-20 23:49:35.579 [info] > git config --get commit.template [2ms]
2023-08-20 23:49:35.613 [info] > git config --get commit.template [22ms]
2023-08-20 23:49:35.616 [info] > git for-each-ref --format=%(refname)%00%(upstream:short)%00%(objectname)%00%(upstream:track)%00%(upstream:remotename)%00%(upstream:remoteref) refs/heads/master refs/remotes/master [14ms]
2023-08-20 23:49:35.642 [info] > git status -z -uall [8ms]
2023-08-20 23:49:36.198 [info] > git config --local branch.master.github-pr-owner-number [24ms]
2023-08-20 23:49:36.270 [info] > git config --get commit.template [33ms]
2023-08-20 23:49:36.274 [info] > git for-each-ref --format=%(refname)%00%(upstream:short)%00%(objectname)%00%(upstream:track)%00%(upstream:remotename)%00%(upstream:remoteref) refs/heads/master refs/remotes/master [7ms]
2023-08-20 23:49:36.304 [info] > git status -z -uall [11ms]
2023-08-20 23:49:37.169 [info] > git ls-files --stage -- /home/eirik/Development/tapawingo.github.io/home/4/index.html [23ms]
2023-08-20 23:49:37.186 [info] > git ls-files --stage -- /home/eirik/Development/tapawingo.github.io/home/4/styles/style.css [20ms]
2023-08-20 23:49:37.216 [info] > git cat-file -s b0e4ada8183bf2b0aa75f7205187f1f0a5f5884e [30ms]
2023-08-20 23:49:37.217 [info] > git cat-file -s 3e1cfdaa37bbd000898e148527407236af609648 [3ms]
2023-08-20 23:49:37.249 [info] > git show --textconv :home/4/index.html [5ms]
2023-08-20 23:49:37.311 [info] > git show --textconv :home/4/styles/style.css [32ms]
2023-08-20 23:49:38.012 [info] > git push origin master:master [2276ms]
2023-08-20 23:49:38.012 [info] remote: This repository moved. Please use the new location:        
remote:   https://github.com/Tapawingo/Tapawingo.github.io.git        
To https://github.com/Tapawingo/tapawingo.github.io.git
   8df5e7c..2a5a1d9  master -> master
2023-08-20 23:49:38.050 [info] > git config --get commit.template [22ms]
2023-08-20 23:49:38.051 [info] > git for-each-ref --format=%(refname)%00%(upstream:short)%00%(objectname)%00%(upstream:track)%00%(upstream:remotename)%00%(upstream:remoteref) refs/heads/master refs/remotes/master [2ms]
2023-08-20 23:49:38.078 [info] > git status -z -uall [7ms]
2023-08-20 23:49:38.317 [info] > git config --local branch.master.github-pr-owner-number [131ms]
2023-08-20 23:49:38.379 [info] > git config --get commit.template [30ms]
2023-08-20 23:49:38.379 [info] > git config --get commit.template [7ms]
2023-08-20 23:49:38.417 [info] > git for-each-ref --format=%(refname)%00%(upstream:short)%00%(objectname)%00%(upstream:track)%00%(upstream:remotename)%00%(upstream:remoteref) refs/heads/master refs/remotes/master [23ms]
2023-08-20 23:49:38.462 [info] > git for-each-ref --format=%(refname)%00%(upstream:short)%00%(objectname)%00%(upstream:track)%00%(upstream:remotename)%00%(upstream:remoteref) refs/heads/master refs/remotes/master [46ms]
2023-08-20 23:49:38.484 [info] > git status -z -uall [3ms]
2023-08-20 23:49:39.217 [info] > git ls-files --stage -- /home/eirik/Development/tapawingo.github.io/home/4/index.html [10ms]
2023-08-20 23:49:39.227 [info] > git ls-files --stage -- /home/eirik/Development/tapawingo.github.io/home/4/styles/style.css [9ms]
2023-08-20 23:49:39.236 [info] > git cat-file -s b0e4ada8183bf2b0aa75f7205187f1f0a5f5884e [9ms]
2023-08-20 23:49:39.237 [info] > git cat-file -s 3e1cfdaa37bbd000898e148527407236af609648 [2ms]
2023-08-20 23:49:39.256 [info] > git show --textconv :home/4/index.html [10ms]
2023-08-20 23:49:39.257 [info] > git show --textconv :home/4/styles/style.css [2ms]
2023-08-20 23:50:46.914 [info] > git config --local branch.master.github-pr-owner-number [3ms]
2023-08-20 23:50:46.965 [info] > git config --get commit.template [21ms]
2023-08-20 23:50:46.967 [info] > git for-each-ref --format=%(refname)%00%(upstream:short)%00%(objectname)%00%(upstream:track)%00%(upstream:remotename)%00%(upstream:remoteref) refs/heads/master refs/remotes/master [5ms]
2023-08-20 23:50:47.000 [info] > git status -z -uall [9ms]
2023-08-20 23:51:11.103 [info] > git fetch [641ms]
2023-08-20 23:51:11.140 [info] > git config --get commit.template [20ms]
2023-08-20 23:51:11.141 [info] > git for-each-ref --format=%(refname)%00%(upstream:short)%00%(objectname)%00%(upstream:track)%00%(upstream:remotename)%00%(upstream:remoteref) refs/heads/master refs/remotes/master [3ms]
2023-08-20 23:51:11.174 [info] > git status -z -uall [3ms]
2023-08-20 23:55:47.024 [info] > git config --local branch.master.github-pr-owner-number [4ms]
2023-08-20 23:55:47.047 [info] > git config --get commit.template [12ms]
2023-08-20 23:55:47.048 [info] > git for-each-ref --format=%(refname)%00%(upstream:short)%00%(objectname)%00%(upstream:track)%00%(upstream:remotename)%00%(upstream:remoteref) refs/heads/master refs/remotes/master [2ms]
2023-08-20 23:55:47.077 [info] > git status -z -uall [5ms]
2023-08-20 23:55:58.756 [info] > git ls-files --stage -- /home/eirik/Development/tapawingo.github.io/home/4/index.html [16ms]
2023-08-20 23:55:58.799 [info] > git ls-files --stage -- /home/eirik/Development/tapawingo.github.io/home/4/styles/style.css [44ms]
2023-08-20 23:55:58.821 [info] > git cat-file -s b0e4ada8183bf2b0aa75f7205187f1f0a5f5884e [31ms]
2023-08-20 23:55:58.828 [info] > git cat-file -s 3e1cfdaa37bbd000898e148527407236af609648 [13ms]
2023-08-20 23:55:58.876 [info] > git show --textconv :home/4/index.html [24ms]
2023-08-20 23:55:58.877 [info] > git show --textconv :home/4/styles/style.css [3ms]
2023-08-20 23:55:59.294 [info] > git fetch [585ms]
2023-08-20 23:55:59.323 [info] > git config --get commit.template [16ms]
2023-08-20 23:55:59.324 [info] > git for-each-ref --format=%(refname)%00%(upstream:short)%00%(objectname)%00%(upstream:track)%00%(upstream:remotename)%00%(upstream:remoteref) refs/heads/master refs/remotes/master [1ms]
2023-08-20 23:55:59.339 [info] > git status -z -uall [2ms]
2023-08-20 23:56:22.393 [info] > git ls-files --stage -- /home/eirik/Development/tapawingo.github.io/home/4/index.html [32ms]
2023-08-20 23:56:22.405 [info] > git config --get commit.template [56ms]
2023-08-20 23:56:22.409 [info] > git ls-files --stage -- /home/eirik/Development/tapawingo.github.io/home/4/styles/style.css [22ms]
2023-08-20 23:56:22.452 [info] > git cat-file -s b0e4ada8183bf2b0aa75f7205187f1f0a5f5884e [48ms]
2023-08-20 23:56:22.459 [info] > git for-each-ref --format=%(refname)%00%(upstream:short)%00%(objectname)%00%(upstream:track)%00%(upstream:remotename)%00%(upstream:remoteref) refs/heads/master refs/remotes/master [11ms]
2023-08-20 23:56:22.473 [info] > git cat-file -s 3e1cfdaa37bbd000898e148527407236af609648 [40ms]
2023-08-20 23:56:22.509 [info] > git status -z -uall [37ms]
2023-08-20 23:56:22.541 [info] > git show --textconv :home/4/index.html [32ms]
2023-08-20 23:56:22.546 [info] > git show --textconv :home/4/styles/style.css [9ms]
