2023-08-21 00:00:33.977 [info] Reading sessions from keychain...
2023-08-21 00:00:33.977 [info] Getting sessions for all scopes...
2023-08-21 00:00:33.977 [info] Got stored sessions!
2023-08-21 00:00:33.977 [info] Got 1 verified sessions.
2023-08-21 00:00:33.977 [info] Got 1 sessions for ...
2023-08-21 00:00:33.977 [info] Getting sessions for read:user,repo,user:email,workflow...
2023-08-21 00:00:33.977 [info] Got 1 sessions for read:user,repo,user:email,workflow...
2023-08-21 00:00:33.977 [info] Getting sessions for read:user,repo,user:email,workflow...
2023-08-21 00:00:33.977 [info] Got 1 sessions for read:user,repo,user:email,workflow...
2023-08-21 00:00:35.040 [info] Getting sessions for read:user,repo,user:email,workflow...
2023-08-21 00:00:35.040 [info] Got 1 sessions for read:user,repo,user:email,workflow...
2023-08-21 00:00:35.211 [info] Getting sessions for all scopes...
2023-08-21 00:00:35.211 [info] Got 1 sessions for ...
2023-08-21 00:00:35.612 [info] Getting sessions for user:email...
2023-08-21 00:00:35.613 [info] Got 0 sessions for user:email...
2023-08-21 00:00:36.747 [info] Getting sessions for read:user,repo,user:email,workflow...
2023-08-21 00:00:36.747 [info] Got 1 sessions for read:user,repo,user:email,workflow...
2023-08-21 00:00:36.868 [info] Getting sessions for all scopes...
2023-08-21 00:00:36.868 [info] Got 1 sessions for ...
2023-08-21 00:00:36.981 [info] Getting sessions for read:user,repo,user:email,workflow...
2023-08-21 00:00:36.981 [info] Got 1 sessions for read:user,repo,user:email,workflow...
2023-08-21 00:00:38.576 [info] Getting sessions for read:user,repo,user:email,workflow...
2023-08-21 00:00:38.577 [info] Got 1 sessions for read:user,repo,user:email,workflow...
